589
387
584
615
698
580
359
441
925
305
332
1690
494
1380
297
815
2572
6199
922
425
1626
129
1384
793
500
1296
907
503
658
498
637
1556
296
649
766
793
555
387
1002
636
550
1928
1108
438
1144
757
768
1324
582
503
292
1003
1862
825
496
344
496
962
293
190
613
1277
761
845
279
291
1215
430
453
769
546
495
755
789
438
1292
424
975
778
492
654
580
448
295
2543
294
796
573
1073
436
424
1047
494
443
301
938
500
856
1302
507
748
440
296
298
450
764
743
740
410
1010
990
822
380
1215
458
297
1207
1834
495
299
1426
715
297
781
981
574
516
845
388
494
1614
2157
574
581
1773
457
1131
582
293
1124
327
831
434
2010
679
633
500
445
769
495
293
756
499
1040
632
493
1014
764
441
878
464
292
494
7017
297
1049
717
505
1272
452
507
433
293
583
291
441
1348
804
298
1057
295
1158
500
1461
616
297
475
292
295
463
1210
891
445
2208
1423
5741
1190
300
1739
1433
1007
848
576
937
492
1439
756
506
1437
1046
493
1164
831
612
1534
648
1225
5978
712
293
1271
419
1010
441
287
437
1206
440
871
504
1403
472
645
1635
571
980
296
776
989
1152
830
498
1785
554
1917
440
519
436
626
765
512
476
581
441
495
478
810
559
291
1677
519
709
384
293
425
291
1046
294
581
734
1125
1238
294
1196
1172
331
502
1350
816
1148
877
459
854
1238
497
1174
945
299
6639
1284
681
613
927
1081
889
940
555
453
1852
1164
766
1037
1757
1142
776
568
2355
460
1130
440
571
1280
298
446
341
1393

<-> uskudarsanat.com <->
SERVER TIMEOUT
6452
1246
493
967
525
595
5384
626
5240
1421
1291
496
289
289
1568
948
757
489
933
297
1125
485
672
5653
366
868
1376
824
596
441
800
778
607
509
632
510
298
1560
6478
294
1054
914
609
1354
425
781
458
296
986
5797
973
662
1579
781
1427
1013
744
1203
386
705
512
1606
924
862
664
549
787
289
299
1006
502
477
784
490
804
1250
1226
1281
882
715
678
1193
610
1417
5967
775
463
765
858
5807
745
795
459
1161
583
587
13144
900
598
761
1276
995
586
1532
993
953
387
1350
493
1155
584
1077
1175
298
1154
1572
579
505
308
1239
293
747
717
509
293
1807
292
5792
632
382
480
1013
753
516
499
1323
971
1656
1004
1075
497
1071
570
486
1243
644
1193
424
583
611
290
1157
284
460
1341
784
495
1257
441
754
1043
813
568
454
1513
665
461
13146
1062
293
786
494
575
644
297
489
624
355
1200
505
1455
724
410
294
1217
298
289
1080
795
444
298
1296
635
647
1156
761
871
438
1262
950
609
579
295
499
439
955
1158
1321
877
491
722
762
478
1851
492
774
303
793
1528
792
908
752
624
495
1126
699
549
1598
508
1068
1304
1133
715
289
1430
12065
293
1066
439
1020
1012
292
995
672
662
527
1374
425
5789
998
492
1076
1927
984
1006
768
467
1338
871
504
578
1432
1414
939
298
457
932
386
1058
479
1070
290
1044
868
777
445
5519
384
12473
493
1061
637
387
719
433
1284
593
462
1425
301
938
296
651
617
1639
500
297
299
722
441
572
1153
437
1261
798
861
445
942
753
645
579
488
1317
754
537
488
1925
1541
751
438
988
293
499
441
1022
575
493
1761
512
1406
488
1090
1278
296
762
1685
498
947
868
501
294
291
491
1581
381
5507
298
793
760
778
574
469
446
1428
298
753
1504
293
736
647
440
1800
1493
720
1395
671
819
790
931
590
623
488
2220
1476
630
289
6141
1053
400
495
585
582
949
1157
523
751
1593
509
1157
824
393
1188
503
501
1869
754
1347
758
450
292
504
506
779
300
1729
1212
745
1611
1064
752
756
445
1364
1414
384
589
1498
441
286
1280
1180
10714
641
289
589
498
304
633
298
1152
489
520
1593
441
835
296
985
453
495
510
1513
1336
494
296
1621
976
577
292
291
496
382
833
1005
585
1688
301
1565
899
482
386
714
808
632
663
962
1005
495
1178
984
494
1362
1366
429
290
465
299
1222
763
501
1253
1039
760
754
1243
875
445
1222
494
1052
719
496
1825
303
727
1301
1009
304
1338
1024
295
870
1306
308
299
295
1151
292
485
1427
500
726
494
645
590
802
934
1439
986
291
1096
384
498
742
495
385
743
766
492
935
1086
294
1142
743
380
577
296
983
1241
1076
800
970
762
949
558
1144
492
599
769
844
641
290
749
796
1069
897
1228
772
1186
386
581
301
730
288
6381
1257
500
293
1300
2545
455
1038
2241
1132
1510
582
1102
4265
751
526
453
769
718
839
1291
490
717
496
281
5586
289
943
299
1260
990
600
296
1292
553
296
384
517
1580
439
513
325
1178
334
504
1040
675
304
754
438
456
925
1835
292
1318
1129
1594
837
586
502
427
585
750
957
636
1454
297
907
2190
613
907
654
598
1494
466
291
445
10700
765
296
838
587
631
496
822
1301
954
717
486
952
819
506
499
1000
741
581
379
297
1522
515
776
508
1647
572
294
1620
1000
322
1172
878
1493
729
586
538
298
816
511
939
1216
1017
745
502
985
504
666
389
844
1150
501
923
1694
291
799
1287
940
753
782
1433
823
501
499
1973
572
458
294
522
442
738
764
299
1023
794
446
1178
463
738
465
1209
1812
1162
444
1346
1153
307
298
7017
501
287
1276
454
1314
416
991
787
1035
760
441
1493
726
491
293
504
1006
506
1055
935
997
776
578
705
383
128
505
768
504
887
600
849
609
500
505
292
623
151
1036
768
465
582
451
287
610
499
496
507
1577
1121
1000
570
1341
577
1496
1255
755
504
1506
295
1097
546
872
703
498
6262
1014
1027
670
436
498
442
997
1458
379
2714
504
1427
509
476
423
1750
289
914
521
753
1037
780
501
762
1061
868
1821
448
725
801
453
1155
569
1014
464
435
438
831
762
458
986
1078
651
1156
613
1399
649
1386
736
495
291
300
1366
382
660
721
788
1160
1290
301
1517
1405
503
300
1492
557
758
1402
296
1380
1039
724
505
319
505
436
553
287
1048
296
863
294
769
668
498
294
792
725
494
1433
1399
639
1135
908
1286
674
445
1584
439
988
458
648
578
443
325
784
567
781
518
405
512
657
766
980
1100
968
716
487
499
509
584
446
291
797
450
1153
1357
1490
294
1460
387
5757
468
498
2353
1175
852
720
309
747
298
512
297
577
301
293
300
751
651
1251
503
490
1045
563
574
445
336
777
300
1607
461
1315
643
908
489
434
555
782
419
463
7447
986
758
298
290
1401
5789
1057
1367
578
1122
294
1018
1111
1006
300
1163
836
511
1507
443
439
753
985
639
1443
841
773
1356
1228
616
300
1628
497
914
896
437
917
309
778
495
287
871
300
774
757
644
1486
779
289
865
506
1005
362
1253
498
1129
428
1153
776
774
1298
380
1135
856
640
637
561
761
578
733
611
829
539
298
451
945
578
781
752
789
515
381
1493
595
1561
758
489
804
577
6408
339
505
1580
575
897
1076
520
1356
1303
308
288
641
2031
1217
643
713
1588
796
794
464
1187
5778
773
751
1352
1022
297
1325
295
1168
493
703
501
791
1386
578
299
297
285
1424
639
498
1319
1038
502
1042
1672
1358
656
1292
835
1210
1858
1081
1576
761
1307
582
634
520
524
1046
1016
293
291
993
299
1985
583
454
386
383
838
443
287
1343
290
794
458
378
1302
635
302
1148
630
495
1230
1174
500
1496
591
1540
288
1174
660
853
764
1578
1053
777
382
504
596
303
1610
1007
580
1073
724
714
299
489
291
4173
574
1015
294
574
1576
443
437
2118
808
654
439
453
1034
466
1604
494
1582
854
875
504
576
998
791
477
837
1126
636
1328
503
491
1510
551
299
984
507
487
1377
501
965
505
298
431
636
789
769
673
1201
309
901
954
127
1402
1275
533
384
487
850
299
746
1067
584
292
1651
764
1266
569
1281
1109
854
745
2821
311
790
504
584
760
778
292
1002
507
986
845
437
500
339
314
501
500
490
307
755
527
1157
892
1029
1100
290
1858
292
2283
821
1678
633
1168
1062
789
1945
814
5994

<-> bazarreza.ir <->
SERVER TIMEOUT
307
974
1432
516
901
669
599
6812
455
1005
1634
456
1355
1195
580
295
578
1612
663
831
600
624
1077
450
471
1318
500
493
1881
645
498
548
289
583
762
295
286
1653
631
510
5653
674
1919
300
1358
593
985
508
1040
677
1720
1581
454
292
1120
301
792
505
845
580
474
1156
498
289
297
293
490
451
1099
491
639
653
300
798
571
338
1521
294
446
440
554
742
497
445
1017
442
297
461
496
301
1414
1430
299
1467
474
444
1863
623
288
581
1925
982
5793
454
1219
501
1039
498
293
450
300
1315
445
991
5701
606
296
1895
768
513
303
579
878
478
442
902
769
584
495
578
299
432
297
491
461
499
437
5791
1136
494
1430
1305
292
1010
296
1767
3039
627
295
1403
497
874
803
1120
937
841
477
490
684
489
520
1055
718
1016
1094
439
1033
298
922
491
965
817
1364
790
799
1299
1210
1071
1017
780
478
1700
578
711
421
861
787
790
613
1004
593
945
296
827
434
1195
595
1645
475
1254
896
755
548
1008
2270
1204
575
1045
1208
462
650
2016
513
1920
582
514
579
584
985
503
290
1427
498
972
330
492
475
495
858
492
439
1010
313
1343
864
1289
1588
490
1004
1579
415
875
481
455
5790
1161
497
1045
444
987
565
676
794
296
298
385
918
1050
729
843
1234
648
467
765
1130
484
1349
292
1017
298
294
294
391
591
1658
578
450
1532
845
500
1189
467
496
296
506
434
459
318
508
287
1447
994
492
1338
1370
933
871
657
1603
896
1427
802
490
955
1075
860
449
293
508
747
558
983
444
296
1005
302
838
2878
507
294
805
1691
745
383
606
298
296
446
581
1592
773
757
437
1002
1590
506
1169
863
713
507
614
1020
1201
476
905
795
778
747
516
902
288
750
633
1679
304
1552
772
974
906
1361
506
965
888
586
2045
421
738
2198
1068
790
1093
293
947
294
1382
1216
867
491
1486
1253
1295
451
1559
1350
302
1014
293
279
789
453
636
671
430
1165
922
1123
413
1745
494
1416
525
1323
285
940
499
1054
768
1232
833
503
1159
441
787
1590
505
427
880
297
1137
392
292
300
605
1077
1575
1265
1005
554
996
478
294
443
1231
294
1010
290
293
1672
477
1494
891
451
1293
513
290
450
390
440
591
297
891
290
775
852
301
784
13138
1350
526
1290
494
293
444
1081
479
571
480
515
428
490
494
981
441
1124
1117
745
386
751
295
506
293
1732
381
493
673
310
1338
722
553
5482
1627
449
494
437
1324
299
1092
1185
734
593

<-> ninjafutures.ru <->
SERVER TIMEOUT
305
851
597
1580
444
872
740
584
460
291
497
496
966
732
463
291
358
937
499
779
757
658
302
1437
512
685
441
943
291
674
296
707
456
479
1387
999
1363
1014
785
441
1098
1119
478
990
3012
450
1709
589
993
1668
990
511
1298
290
764
286
578
1498
728
924
774
948
528
652
514
442
867
731
578
758
505
1848
1261
339
5768
2155
11507
870
839
2251
717
1000
573
626
512
796
290
296
675
1024
646
445
2050
471
6222
423
291
1375
585
1411
1007
464
296
996
743
788
608
1143
2551
655
1154
291
752
443
991
568
427
981
655
760
629
286
6025
1288
297
507
290
358
842
430
567
725
764
714
444
295
424
1013
294
943
297
938
786
292
615
445
922
942
822
301
559
579
475
1861
764
1238
723
730
578
588
289
643
437
6274
16701
507
1254
579
1123
497
295
1360
293
1055
706
547
642
297
289
1150
444
1121
753
830
540
1086
1149
996
744
1030
494
1177
501
1951
320
1061
1507
1101
741
901
1608
446
1467
720
1140
488
657
762
589
1552
809
289
1164
786
1197
869
1530
1087
1932
1166
1596
991
301
790
495
289
1028
508
609
640
301
1014
562
283
845
1364
425
293
1013
291
958
1036
743
470
449
578
295
444
967
1215
823
978
997
1012
1016
757
445
1358
317
1207
661
491
291
1374
507
503
467
1234
832
298
1216
505
304
293
1275
381
798
1603
5938
770
467
1203
442
296
489
291
572
494
438
1464
577
1005
1200
798
581
494
1182
301
801
452
792
457
308

<-> jalindia.co.in <->
SERVER TIMEOUT
297
1141
542
505
300
508
982
1982
1422
1196
1431
953
1404
295
993
1025
666
445
1245
1099
496
1259
1604
915
299
1618
789
301
490
1431
495
459
595
684
816
846
526
627
386
478
1504
300
515
1192
466
487
785
913
932
547
1417
519
1095
1019
715
289
481
988
1241
937
594
450
497
297
302
433
293
1199
1477
1125
638
1076
289
301
673
293
532
6410
449
927
1491
761
766
655
584
291
1372
609
686
1192
506
294
300
621
512
7029
638
769
2120
720
505
576
1164
451
295
750
1278
636
481
757
760
1177
516
1389
998
298
845

<-> leader-plomberie.com <->
SERVER TIMEOUT
872
497
444
1203
603
1284
295
942
499
984
295
550
481
312
792
1000
296
990
583
512
574
477
432
576
843
467
630
494
292
650
796
290
860
498
489
509
1851
1086
442
1023
854
581
296
1267
511
631
1126
882
756
507
973
344
789
488
636
299
1144
341
498
297
500
989
583
1101
597
297
1267
1186
494
965
699
1884
452
1072
785
488
1343
298
1170
764
494
542
984
618
292
503
491
308
780
574
622
1917
500
853
1602
1416
1043
581
5784
998
626
2183
1237
1154
1912
297
764
1418
292
938
1290
294
1153
812
446
990
756
289
1133
720
13124
563
493
1518
531
460
610
291
765
1009
5986
678
443
492
1870
298
11869
859
500
2322
641
753
622
814
383
284
712
1682
727
556
684
6249
1428
995
652
292
1231
507
782
461
441
496
5786
501
604
1095
1581
496
1450
1117
779
511
547
1145
489
157
753
569
475
774
775
771
1646
767
582
1463
291
297
1026
554
777
579
1904
752
773
436
493
1957
501
319
1104
453
2037
1354
651
996
593
525
586
480
597
1379
650
441
948
976
579
462
1341
1594
906
650
1333
669
1125
487
1023
299
791
478
1355
789
1303
649
443
1235
611
495
1350
1201
951
837
458
295
1150
643
385
459
748
844
939
464
1094
1583
556
729
1296
1339
470
1442
1291
580
807
1079
959
895
556
501
443
289
585
2216
1152
447
1294
1141
553
486
294
495
1431
289
296
784
381
493
629
296
290
1207
579
583
473
1201
1915
292
1151
955
789
1309
630
501
295
970
297
385
1486
295
1121
295
438
1349
297
439
1866
1373
1129
1116
904
295
295
1909
996
495
387
487
285
299
1307
441
390
2192
588
384
443
6821
1046
702
1141
1623
444
667
291
709
389
296
464
1335
740
290
780
794
294
1045
715
1191
618
571
1361
580
1050
299
418
292
756
429
658
294
871
731
1284
856
627
440
1961
437
446
2122
632
1040
495
295
455
1141
291
760
580
520
1053
288
870
492
779
644
1494
1148
817
1633
984
688
621
493
1359
622
513
521
299
1349
762
1003
1061
675
1154
641
1239
647
674
598
386
1288
696
639
300
297
579
381
387
1194
553
496
458
803
509
293
1293
566
433
1279
940
621
652
1579
1155
1580
994
707
1143
473
642
449
462
816
517
763
867
666
6081
573
988
475
293
1041
1686
510
308
998
296
306
658
288
432
754
789
585
499
1058
641
976
748
618
291
756
440
2552
630
795
1187
575
1432
715
632
510
706
505
290
733
304
299
5832
644
642
433
383
972
998
289
998
550
620
806
706
295
734
755
718
296
956
869
789
842
505
5797
1180
379
800
447
1314
629
1434
424
1262
490
509
1427
798
570
770
515
293
1324
290
849
755
1187
851
582
1541
1010
1026
299
618
1561
633
1090
1044
1203
870
746
300
1299
1075
311
875
619
366
876
504
520
643
998
389
1260
1064
572
1070
294
1250
6011
635
1085
1623
498
426
496
585
453
386
295
577
907
525
495
443
289
1532
453
6834
1639
1425
665
294
1125
711
1300
525
735
1294
1112
802
428
986
779
598
452
1285
264
1558
288
1593
797
676
1165
437
1063
1506
290
890
501
1038
1631
291
1430
1233
470
698
461
1328
668
1344
286
1058
329
287
1077
293
514
1408
730
512
1162
776
488
986
293
534
595
297
1155
1013
652
442
768
550
1042
440
725
868
1427
603
794
491
293
436
477
774
490
289
573
791
579
498
445
295
933
588
754
642
648
501
294
511
1002
1143
441
376
1386
714
650
298
293
11449
1299
1855
1001
1199
1256
1032
292
1000
678
504
1005
1582
947
1248
445
459
1582
1197
520
1283
805
476
424
603
449
291
582
583
1723
919
574
1454
293
718
443
290
6393
736
567
292
497
870
521
292
303

<-> departement54.fr <->
SERVER TIMEOUT
567
452
544
582
763
558
291
461
1176
452
1075
432
718
763
638
289
853
671
585
1384
512
932
441
379
286
434
909
1121
762
841
1289
1150
805
1005
651
294
295
298
433
1111
636
503
302
1231
959
1812
588
1038
715
450
683
441
524
555
592
1145
441
980
298
969
578
1584
987
583
509
288
502
461
899
2211
899
1501
960
1154
321
1212
1794
1155
737
592
769
436
1152
603
667
584
439
1323
756
604
1015
581
963
637
551
758
1500
300
1150
588
1080
1099
1567
987
534
1250
720
725
576
289
296
296
1022
581
495
1176
541
576
498
1136
444
1069
429
896
2736
440
12833
1034
574
435
672
780
801
609
323
780
296
921
688
1752
1195
801
682
295
300
1990
904
613
477
504
288
437
593
742
500
757
1617
433
1391
1023
720
499
1090
1359
793
450
1285
2319
803
337
772
499
997
490
1076
705
789
494
494
723
869
580
1416
760
625
503
583
500
758
456
519
521
443
627
1074
440
765
1245
388
473
1416
1403
1012
452
1096
451
1515
353
1193
845
581
1197
574
1252
716
763
1652
573
1060
5790
837
445
1396
552
470
677
293
294
718
587
466
992
296
754
529
679
635
780
380
877
420
992
604
1308
636
1163
427
927
493
1424
6055
869
517
1376
1195
696
720
511
593
289
763
301
748
295
454
490
306
287
1362
757
1285
831
578
477
880
508
1628
728
1183
588
306
301
1161
500
634
1317
287
723
756
501
623
300
1022
1570
1273
1017
684
2073
494
495
290
476
638
1157
969
441
448
671
1927
291
507
1119
580
992
583
1126
509
1192
963
985
978
780
663
886
987
823
452
578
461
462
1125
450
986
445
1713
993
626
772
501
584
495
444
1653
759
7438
1012
796
298
1244
313
1467
742
513
1336
298
1370
597
833
295
1458
786
1681
295
989
988
492
310
1218
448
650
486
294
744
1675
867
577
1665
1411
896
823
489
583
298
306
338
1388
588
501
1395
1007
803
1214
643
1420
1035
753
1292
918
638
1081
322
1381
646
1155
526
589
292
292
1628
519
503
1609
987
298
1014
294
432
833
291
1018
502
440
882
940
867
496
1163
645
296
1039
296
300
1423
1007
444
476
1309
579
285
665
293
442
945
303
1152
999
289
778
305
714
486
775
133
507
867
647
2363
1245
980
346
778
293
1009
471
290
296
781
504
288
544
1066
981
595
450
642
617
526
427
849
580
1009
951
293
1320
789
921
1403
636
489
728
623
296
762
1374
291
1009
443
492
844
758
761
497
2021
761
454
1096
936
300
872
291
444
1256
628
559
586
292
781
1508
801
298
1314
726
983
1683
980
1124
292
938
1655
508
759
725
618
432
1255
1055
1809
969
962
495
1550
359
788
478
299
512
1913
1303
1195
1003
5757
450
991
888
1366
440
1352
291
1591
5356
897
775
673
563
507
1436
583
1001
582
291
1663
347
1299
1015
605
498
1970
806
764
1687
605
1003
496
946
292
440
1050
1528
1561
876
584
1582
942
1035
290
1586
506
1007
1312
591
1315
927
753
443
584
401
1934
513
581
1579
502
932
625
415
466
1525
747
1039
863
760
1289
638
736
652
1236
499
576
495
1413
420
1084
570
1119
755
760
6206
697
853
650
1570
982
999
1173
1879
1526
980
777
1600
493
296
460
1152
1062
794
788
814
716
314
1702
585
572
668
1595
497
763
1209
1653
509
840
489
887
576
1224
932
594
298
756
460
297
898
5795
930
596
1615
463
508
288
294
1253
492
1481
1107
1155
440
1002
443
578
287
1513
833
758
1237
988
753
444
585
298
589
791
448
629
503
940
542
749
936
294
902
301
768
769
582
638
823
2039
1321
984
293
808
