667
381
597
732
427
604
417
458
382
837
863
769
370
754
570
314
847
229
672
1453
129
755
145
8196
781
560
650
527
688
504
674
1905
300
1032
329
1000
547
740
392
976
692
524
179
1027
1014
857
685
520
864
499
636
304
751
573
705
350
644
499
393
205
927
1335
420
851
280
933
297
141
476
595
597
515
1083
756
766
458
759
436
1187
506
1027
287
1045
431
450
1815
1431
700
629
237
561
431
534
635
658
343
495
858
777
520
473
490
304
357
473
508
474
1630
598
591
710
555
1078
886
682
596
602
369
522
296
1375
435
342
1029
462
293
771
784
1068
799
411
537
896
616
646
710
1122
312
950
314
391
599
242
389
2208
392
499
467
646
1528
489
301
1364
532
980
719
665
503
1081
734
611
531
296
571
335
793
1230
1002
588
523
570
159
315
936
655
379
352
888
699
303
404
880
778
801
594
321
613
359
343
491
926
606
1149
469
774
2279
472
174
1486
371
447
302
589
827
883
521
509
1462
674
564
1556
755
465
392
353
9072
1517
924

<-> aniq.org.mx <->
SERVER TIMEOUT
309
797
167
957
300
745
276
797
548
1203
755
430
548
508
634
714
480
405
554
918
787
663
613
620
1651
435
581
451
330
805
578
517
301
878
293
743
806
685
312
1760
542
586
1092
353
303

<-> scryptmail.com <->
SERVER TIMEOUT
696
288
319
312
432
688
663
1062
1143
319
894
565
329
713
495
652
938
759
845
449
613
497
958
358
328
1042
447
639
552
459
659
571
716
700
522
476
741
493
452
1030
762
858
1407
277
676
431
383
310
301
394
2337
575
950
361
633
681
880
810
700
791
586
1112

<-> harikesanallur.com <->
SERVER TIMEOUT
583
299
1017
323
2189
472
586
1122
476
350
918
487
399
850
588
340
1401
451
449
914
528
306
767
573
633
1124
592
295
372
763
426
1850
397
930
150
566
512
663
375
638
1867
624
1173
2291
1044
795
546
494
302
897
658
384
2085
394
722
298
857
1286
441
324
876
485
793
599
821
1159
1108
703
878
569
412
621
348
792
1219
5515
1122
752
794
591
477
335
321
1329
981
886
1133
734
466
693
729
1197
1161
911
717
483
1107
880
499
306
773
1079
949
365
1172
729
516
939
315
316
481
503
1068
363
823
5853
304
294
533
181
450
493
534
517
969
885
1437
913
710
607
508
499
1061
471
985
240
380
332
316
371
1738
1217
459
672
5734
507
1200
653
568
1006
857
486
374
588

<-> sarkaribanglacollege.gov.bd <->
SERVER TIMEOUT
296
1187
514
5354
634
641
370
501
657
665
357
884
5423
507
1006
713
319
327
487
369
482
1286
345
1092
351

<-> shodensha-inc.co.jp <->
SERVER TIMEOUT
763
590
601
675
507
548
320
317
384
506
1006
960
1098
1261
530
532
960
501
460
588
361
5470
589
330

<-> gtalk.us <->
SERVER TIMEOUT
1261
11122
306
5443
1122
508
303
498
827
534
1073
759
559
2696
864
648
295
1304
1095
345
1115
759
739
781
802
301
717
387
390
1014
1002
555
786
982
549
662
498
892
789
2894
428
323
503
2292
1200
402
889
520
386
544
523
705
427
501
605
289
733
5717
628
479
434
909
511
306
444
387
254
796
772
1202
562
5516
464
303
297
851
638
314
778
349
453
1242
583
577
653
444
289
789
224
574
551
678
320
7123
660
498
486
1002
944
626
516
475
427
448
360
578
608
1120
637
1579
527
1143
464
988
777
1066
817
300
1138
549
559
773
2810
613
303
394
1267
524
436
527
326
1090
1198
871
817
874
484
800
355
1093
296
309
717
160
444
863
779
516
1106
569
651
1209
2164
694
1312
1092
571
1170
398
610
309
431
492
787
578
1036
728
838
520
652
1559
1600
831
1235
469
556
1018
485
695
486
174
725
468
599
916
552
647
320
1657
477
504
919
484
637
2791
264
1230
456
315
1302
665
766
312
931
378
303
11955
564
1081
287
656
368
334
493
889
545
341
540
570
306
534
501
1059
1018
936
519
600
319
1589
321
293
385
494
475
437
825
817
872
965
637
387
496
445
781
685
1182
400
669
425
501
1009
597
816
653
496
177
314
862
567
290
1140
722
527
477
542
765
577
662
424
1015
568
841
597
461
496
302
394
614
1101
366
832
471
863
298
764
388
593
319
300
298
1225
578
560
516
1110
640
762
809
706
473
1391
309
1044
428
610
502
499
464
307
559
537
1655
1010
470
1081
316
392
289
312
496
643
612
907
855
476
669
587
616
501
340
469
541
388
1235
1099
295
737
1177
779
817
1694
384
971
383
619
386
376
1139
1020
506
921
293
182
1162
1777
1473
481
1137
518
638
714
449
496
571
759
444
658
514
612
308
569
282
313
381
1049
503
1115
725
307
3410
303
915
499
949
726
448
942
509
322
426
581
1487
306
694
344
1084
593
341
905
312
642
807
614
510
342
556
156
917
845
1040
755
458
1159
506
302
349
633
1185
710
515
2262
299
522
396
453
342
964
765
583
927
13847
732
502
628
568
713
799
513
300
1817
303
1688
910
304
641
1514
507
627
303
605
610
2791
356
563
1060
473
581
588
330
802
508
1633
492
695
1319
745
582
495
584
446

<-> enlightedinc.com <->
SERVER TIMEOUT
822
519
632
12396
642
586
352
745
1856
471
1310
4053
891
930
741
543
520
538
627
734
384
556
965
483
805
317
981
561
533
394
887
517
790
1002
649
460
1276
559
1037
481
306
333
1066
302
989
768
566
423
467
613
649
514
330
1169
553
344
6177
825
895
661
808
553
549
925
176
588
385
137
517
582
1212
449
630
689
375
560
317
287
1099
302
439
461
1706
315
365
381
247
494
521
842
619
329
812
1416
753
330
751
1221
721
857
650
509
307
825
955
620
483
799
588
779
460
492
513
1308
491
511
532
414
486
946
1138
922
133
755
444
538
551
845
556
1134
1574
418
441
520
919
691
535
333
639
494
666
200
885
203
510
463
758
822
692
789
269
5524
995
391
1241
454
1912
551
324
1119
323
393
1058
771
511
627
858
313
1236
864
628
528
312
614
868
782
446
323
1281
457
495
395
572
780
514
298

<-> kubity.com <->
SERVER TIMEOUT
366
331
309
1814
347
522
383
1906
475
898
688
541
580
384
758
756
722
345
2962
502
564
462
475
1063
657
433
487
328
618
903
514
499
463
880
508
1215
387
926
422
442
581
598
362
157
491
337
681
399
1217
882
604
337
1232
448
6151
537
511
1071
771
517
644
367
324
322
344
986
345
486
368
382
853
782
592
1633
301
1083
527
458
1511
310
1551
757
531
387
515
847
287
796
327
6175
504
156
473
502
777
377
761
323

<-> solpeeling.com <->
SERVER TIMEOUT
482
466
699
342
312
1049
518
941
668
328
535
546
492
1815
597
533
1045
360
1216
424
744
902
969
847
668
299
551
640
464
579
496
373
399
528
301
924
311
479
1044
1876
668
544
602
394
541
600
419
908
631
171
604
732
755
679
918
383
1007
815
1028
578
985
485
324
746
657
350
314
604
722
2134
499
297
317
311
1038
883
747
430
1202
899
496
1055
357
1257
810
534
547
636
547
444
774
488
1053
396
1391
736
306
1010
1335
581
1080
555
1260
2533
549
1328
828
615
1057
744
944
655
318
394
511
544
1088
302
1160
372
1459
378
310
307
1205
756
531
583
981
722
1229
383
365
2112
779
929
794
529
713
519
6495
577
986
945
906
529
487
351
1023
524
324
307
165
489
468
422
505
462
291
1146
386
476
572
679
382
664
295
390
803
547
553
1061
769
1314
574
308
303
873
577
1110
577
607
713
824
397
535
649
362
533
870
531
149
2916
525
313
495
345
738
295
769
639
1155
408
319
852
458
962
513
985
801
492
1416
509
608
294
512
12485
644
348
845
561
506
931
672
1073
773
11410
727
797
559
361
788
863
672
497
724
697
597
386
425
1015
462
1221
569
374
530
316
701
717
454
532
954
494
2719
505
383
514
1427
314
771
1506
305
951
983
1114
965
801
510
517
935
523
489
501
1134
499
357
747
548
387
169
497
5264
477
408
500
912
591
298
487
516
313
702
718
786
290
892
329

<-> dadegan.ir <->
SERVER TIMEOUT
1437
618
618
451
481
1563
881
528
7931
1246
1001
772
585
324
526
784
379
614
546
439
542
468
1092
768
350
295
309
444
509
607
3011
709
466
925
1048
519
549
516
281
385
672
592
348
295
491
335
366
1355
659
670
792
372
1037
599
753
575
346
1338
639
1546
535
299
371
348
2484
535
442
890

<-> abhyudayabank.in <->
SERVER TIMEOUT
226
960
293
851
339
343
495
718
656
489
332
292
300
1137
14278
605
1241
564
318
440
455
537
410
884
524
719
499
310
535
527
301
1038
810
571
1058
302
550
1323
505
633
660
289
351
661
400
673
547
1972
540
294
777
212
1049
385
499
488
233
765
392
362
738
1432
361
378
674
675
459
313
834
1196
517
524
292
492
310
594
516
512
400
795
808
584
813
313
745
607
371
349
315
1320
495
289
728
634
496
451
488
540
694
777
577
551
869
747
609
314
381
1361
613
502
826
696
813
802
1002
518
980

<-> biti.org.ru <->
SERVER TIMEOUT
834
968
618
1182
567
454
1099
365
798
682
1138
514
660
703
352
380
158
641
614
1469
711
530

<-> freetradingalerts.com <->
SERVER TIMEOUT
654
826
457
292
841
675
577
1234
1025
529
1043
427
649
1112
489
387
737
638
602
646
295
549
509
609
555
297
593
502
503
478
517
776
612
352
642
601
805
579
1131
502
349
831
504
483
957
643
559
736
400
567
388
329
873
309
562
659
611
1034
1463
582
604
1017
468
540
493
1225
489
312
349
348
297
524
867
656
599
1108
802
911
637
480
496
350
506
744
535
317
303
1236
805
599
781
535
589
465
447
519
1336
798
536
1065
755
595
460
367
543
12480
586
6250
516
1812
920
528
510
305
538
319
445
308
1061
854

<-> ilkinmanafov.com <->
SERVER TIMEOUT
700
318
392
299
826
395
859
490
728
740
6683
773
434
750
504
919
548
615
610
7512
486
614
771
467
815
570
7325
500
499
1000
866

<-> calculodehipoteca.net <->
SERVER TIMEOUT
935
326
783
802
449
1084
598
608
1074
779
166
1226
847
1053
635
451
1133
554
320
300
1273
576
587
857
1055
807
930
1196
449
958
520
306
330
501
175
1464
703
310
156
726
625
732
648
484
497
1822
911
498
445
1745
804
491
845
646
422
572
662
389
798
592
1168
518
155
566
327
392
307
376
1301
1099
1210
997
740
502
695
1573
314
459
1062
2450
670
324
292
311
1315
1211
486
523
236
798
298
753
553
445
469
677
328
572
303
1214
334
800
615
315
935
734
905
511
301
456
1040
606
695
495
784
522
495
494
508
455
646
305
579
1824
288
777
332
287
449
499
322
1108
1075
759
437
523
524
492
5515
439
1305
939
305
901
438
994
332
984
858
914
734
505
497
733
491
307
741
717
574
726

<-> nn-usenet.com <->
SERVER TIMEOUT
352
750
645
456
496
332
399
847
299
2160
503
746
726
438
470
378
330
789
362
461
771
886
747
535
834
465
1512
606
589
512
520
557
594
805
681
491
800
7120
1028
787
309
300
1403
1228
413
1058
521
1117
749
872
526
969
715
416
405
516
658
819
1319
589
437
1121
606
505
476
521
337
978
528
952
311
878
313
908
788
783
470
1037
723
613
364

<-> spcdavao.edu.ph <->
SERVER TIMEOUT
1037
295
916
465
506
404

<-> nfecaraguatatuba.com.br <->
SERVER TIMEOUT
466
575
376
876
1310
475
648
768
463
391
524
593
856
490
158
393
403
782
389
946
322
500
350
473
388
172

<-> newmovies.net <->
SERVER TIMEOUT
2834
584
455
784
591
439
343
182
587
305
754
302
313
591
652
290
393
635
320
1218
567
714
2845
1050
731
332
953
453
544
617
329
952
455
971
512
7184
1017
498
946
296
303
2863
547
524
1468
314
944
597
362
451
502
448
1514
622
594
665
584
473
660
843
520
596
573
572
371
948
459
1709
958
665
470
1090
355
988
562

<-> logicinvoice.com <->
SERVER TIMEOUT
375
762
1186
940
643
1236
323
1115
300
945
1082
666
522
500
883
310
1149
847
473
2977
293
152
696
319
568
331
631
651
606
283
518
375
687
630
305
597
557
277
1221
310
322
452
853
988
938
792
416
747
1632
769
463
1057
578
334
397
543
1062
322
520
510
735
544
455
376
6799
309
1158
587
302
345
1119
814
752
472
488
971
500
454
304
506
387
359
556
1149
439
493
663
911
507
1015
644
519
558
300
464
356
892
347
313
1095
640
500
395
518
514
2191
767
473
1239
1212
561
314
1708
585
388
596
674
633
2484
507
1098
390
971
309
851
340
1262
468
586
478
713
708
729
152
653
755
447
489
355
786
557
1518
630
534
1236
959
777
530
655
755
585
489
346
712
740
452
970
502
978
307
379
303
442
1289
303
1112
604

<-> uprnn.co.in <->
SERVER TIMEOUT
663
734
643
659
295
301
386
387
454
680
362
442
905
1124
331
762
1220
634
325
647
367
1236
565
360
350
467
520
374
1294
805
436
523
836
348
939
351
588
1130
614
571
765
484
696
537
947
480
567
312
481
522
446
960
993
543
302
589
1852
342
929
493
548
325
614
569
498
380
403
845
861
577
676
592
492
178
356
618
370
467
567
687
293
492
575
988
581
555
479
720
683
1113
315
1274
885
727
630
560
535
419
612
384
803
553
645
1174
413
542
589
378
543
511
593
637
873
1346
323
771
555
584
1629
618
1021
233
1226
658
651
312
2259
491
1080
582
331
307
510
1914
603
289
457
597
1116
667
608
1230
599
363
1294
916
526
396
949
510
968
1077
1009
764
951
344
1145
361
501
813
693
1864
330
746
731
550
505
602
285
1578
593
889
509

<-> machronique.com <->
SERVER TIMEOUT
1110
538
953
569
298
684
704
536
602
368
623
508
538
343
3435
749
1390
420
1373
315
336
2162
1102
531
808
444
467
574
2655
718
298
759
531
594
396

<-> collegecourtreport.com <->
SERVER TIMEOUT
515
526
542
239
1189

<-> cbsmba.com <->
SERVER TIMEOUT
556
1108
552
829
531
513
580
1610
294
296
1142
547
766
1281
731
921
1161
446
852
2171
311
683
508
1511
773
587
1205
521
1082
515
2096
349
938
476
1104
639
1099
775
636
990
592
376
827
485
328
718
426
303
323
1504
931
504
658
417
796
495
2666
686
1207
632
363
882
742
521
816
417
443
1083
674
959
533
1475
635
410
533
332
963
331
396
678
313
371
1129
1019
673
606
2568
528
1377
938
935
486
954
579
1134
806
606
842

<-> mewat.gov.in <->
SERVER TIMEOUT
554
833
574
378
293
980
883
893
1332
927
536
1349
656
302
567
430
371
516
506
579
997
317
1095
304
590
303
591
750
860
588
687
294
300
876
605
316
805
393
711
492
324
824
339
1001
635
316
174
717
920
983
628
839
660
311
785
318
541
411
629
358
3063
676
388
1258
473
469

<-> dsir.gov.in <->
SERVER TIMEOUT
382
1024
581
1503
432
919
444
2014
471
996
316
413
771
393
506
566
318
599
403
1454
385
920
631
889
883
511
292
337
187
315
156
1240
755
358
323
216
734
425
1055
292
1198
579
204
459
667
668
610
303
655
557

<-> universamnsk.ru <->
SERVER TIMEOUT
349
821
727
842
643
601
296
463
591
990
1206
604
415
543
380
2284
879
507
967
304
541
495
703
308
734
781
578
668
528
316
988
369
383
646
703
406
152
290
316
347
653
417
663
413
522
576
469
783
1304
524
387
827
215
916
544
804
919
585
1295
749
1223
559
1052
497
1165
361
616
464
577
759
634
1157
444
304
488
2141
305
1530
897
2262
383
935
367
327
423
304
275
746
816
680
563
549
651
443
849
1081
782
388
502
636
449
523
679
307
899
437
527
497
5985
297
870
565
349
305
379
813
219
393
439
453
526
6336
292
1042
1143
1111
456
259
1299
388
502
479
398
533
340
460
1204
528
953
405
1155
472
799
502
424
149
2107
534
810
535
570
575
430
1092
332
825
453
291
585
623
588
1061
717
701
380
1084
1551
493
291
745
545
932
1497
672
1159
596
299
198
317
606
591
657
589
568
816
432
503
767
462
823
809
323
879
1113
836
500
953
149
593
494
376
520
385
400
606
654
740
550
1077
7337
718
537
778
594
1022
591
391
1092
255
925
824
654
456
578
909
155
756
785
615
1146
143
667
406
2213
1241
847
948
706
569
641
322
506
601
3046
742
3072
1150
337
1138
484
405
506
932
592
379
317
869
332
396
290
1507
940
749
448
525
568
757
513
291
1001
398
763
371
293
667
414
355
489
535
521
417
450
795
592
320
811
493
295
409
557
747
494
336
311
639
289
605
561
594
317
870
459
293
399
505
369
550
479
820
455
1160
453
437
1158
759
323
761
292
869
595
953
728
606
315
724
948

<-> markfischbach.co.vu <->
SERVER TIMEOUT
769
583
622
595
792
529
428
736
703
527
591
466
430
958
309
596
344
7716
596
815
588
353
332
1346
305
348
519
292
745
579
311
736
604
529
342
1231
590
508
1015
342
507
1120
390
741
783
147
845
1448
559
607
597
622
296
739
329
747
573
454
405
3007
347
516
353
675
819
450
517
930
887
512
299
1025
319
309
150
723
503
979
307
776
595
612
949
942
781
556
348
557
502
1779
657
367
488
511
317
767
878
639
448
612
528
341
799
526
445
523
285
810
786
656
300
960
1434
651
345
311
491
577
408
360
371
691
1220
483
1172
547
599
789
380
525
940
527
739
635
1063
316
645
735
556
1956
778
443
1598
436
303
374
307
593
5672
386
1050
558
1127
311
825
532
2119
526
647
606
195
418
590
178
1525
411
426
505
315
888
788
302
760
1143
445
1113
463
1057
630
389
357
812
630
486
506
387
447
604
507
473

<-> abadan-ref.ir <->
SERVER TIMEOUT
603
618
218
843
549
1245
530
1300
223
1054
930
439
504
498
1892
825
632
464
770
520
493
585
522
708
694
635
743
370
12294
516
727
610
758
560
482
1107
743
715
260
737
485
969
551

<-> playkids.uol.com.br <->
SERVER TIMEOUT
847
573
1057
475
707
280
447
472
915
1759
801
581
334
1101
332
978
1010
774
324
2802
339
893
586
358
387
303
612
353
493
609
308
735
156
397
810
1555
1366
1375
927
533
1051
669
868
1426
1478
1745
2231

<-> itachibori.co.jp <->
SERVER TIMEOUT
2368
2282
2638
2335

<-> asty-tokushima.jp <->
SERVER TIMEOUT
2844
3877
3357

<-> tanita-hw.co.jp <->
SERVER TIMEOUT
2848
3185
2907
2683
2371
2403
2155
1638
2398
1627
1305
1895
1393
1267
1120

<-> stylagy.co.jp <->
SERVER TIMEOUT
2156
2508
3113
3437
4178

<-> orangefoodcourt.co.jp <->
SERVER TIMEOUT
4834
7567
4717
4554
4346

<-> yutaka-sec.co.jp <->
SERVER TIMEOUT
3540
4813
4555
3608
3297
3085
2766
5057
2587
3074
2475
1387
1834
2342
521
1334
1123
612
725
595
1155
460
1087
291
823
674
2226
491
1066
839
657
542
1024
628
654
709
379
1305
582
581
418
1213
387
358
753
488
1529
661
558
441
1244
343
944
386
1217
796
597
506

<-> rrr12.com <->
SERVER TIMEOUT
609
806
589
797
626
300
969
196
599
1089
1720
385
788
906
551
1243
299
907
547
496
383
568
347
564
335
454
735
797
616
418
324
633
394
903
1400
701
551
315
320
1814
290
619
1484
323
728
1137
531
710
371
896
991
881
651
272
549
673
774
307
1236
774
353
557
912
294
340
1193
504
1072
563
673
390
820
337
146
374
315
745
595
191
427
739
535
611
510
599
355
820
626
304
318
483
723
455
794
672
295
316
1263
691
406
593
303
536
476
288
539
748
598
836
165
817
310
733
457
496
1032
393
302
764
386
495
336
343
806
502
291
715
366
580
595
537
402
335
465
969
370
372
508
405
906
671
583
499
1179
666
491
358
704
312
808
487
370
1875
615
560
1363
486
990
580
1260
472
458
1004
404
815
1276
315
622
557
835
301
998
313
1208
1211
694
309
827
582
691
502
561
674
917
300
953
575
547
315
386
242
1018
850
479
1501
698
434
1101
606
364
711
317
543
351
1610
1044
883
702
442
203
416
762
831
498
946
336
418
513
747
1165
861
511
631
693
400
702
338
1642
522
714
588
610
720
555

<-> cswcrtiweb.org <->
SERVER TIMEOUT
630
1074
463
2381
462
505
310
448
577
458
392
2351
301
469
2002
375
1154
1527
522
503
616
803
767
944
595
468
1097
338
537
830
952
728
567
635
268
852
885
635
509
569
472
515
1101
910
971
613
1138
774
548
731
893
633
243
685
552
787
482
596
310
426
870
590
1107
923
967
1015
1649
700
527
398
475
3238
574
1019
861
566
378
212
668
799
5546
625
835
504
2799
1351
2268
817
413
1310
530
594
1821
600
1871
457
1098
472
882
315
634
372
442
487
1053
1761
574
300
349
660
1219
626
510
855
761
389
451
338
7273
311
773
796
1250
683
557
431
482
581
392
745
570
355
668
482
543
590
483
806
659
440
369
931
584
462
1120
709
1369
570
345
1226
5671
