10
6
8
42
10
7
6
7
35
6
7
8
7
32
7
8
11
7
31
7
21
6
8
14
7
6
7
93
7
6
8
8
74
7
8
8
7
67
7
8
6
7
77
7
8
7
6
61
7
7
7
7
49
7
10
7
11
55
7
7
7
7
42
8
7
8
8
41
25
6
6
7
27
7
7
6
5
16
6
7
7
107
10
9
7
7
7
7
7
6
7
92
7
7
7
6
89
8
7
6
7
49
7
16
15
13
17
8
31
14
22
19
38
51
28
9
11
74
12
9
7
7
6
21
15
7
6
7
19
7
10
6
7
16
6
10
6
78
19
7
6
8
67
6
7
6
7
73
6
7
8
7
56
7
11
9
7
38
8
10
7
7
37
15
6
7
7
33
7
7
7
7
28
7
6
7
7
21
7
8
6
8
18
6
7
7
9
30
7
7
6
7
13
8
7
7
7
7
8
7
8
101
9
7
8
7
94
6
7
6
5
95
6
9
7
6
89
7
11
6
7
72
7
7
13
19
79
7
7
7
6
78
7
7
7
6
76
6
7
7
7
75
7
13
8
6
63
7
7
7
7
60
17
9
7
6
60
8
8
7
7
55
7
7
6
56
7
6
7
6
50
6
6
7
9
42
7
9
7
6
48
7
16
8
13
39
10
6
8
7
36
8
7
6
7
11
19
7
8
86
6
6
7
8
92
7
6
7
7
87
7
7
6
7
77
7
6
7
7
75
7
7
7
7
68
6
6
8
6
62
7
42
152
6
64
7
6
8
7
56
7
20
10
109
12
6
7
6
92
9
7
8
8
84
7
6
7
8
72
7
6
7
7
57
11
7
9
12
61
6
15
7
6
39
8
7
7
6
54
7
7
7
7
45
8
7
9
94
35
7
7
16
19
23
7
5
8
6
30
7
7
8
7
19
6
6
9
5
7
7
7
6
8
7
24
7
6
48
20
12
7
6
82
7
18
7
6
76
7
6
6
6
60
8
8
7
6
57
7
7
19
16
21
8
19
6
90
7
6
8
7
208
7
34
11
43
7
6
6
31
93
10
7
7
21
58
6
7
7
11
84
7
7
7
7
80
7
103
78
41
12
6
9
8
94
7
7
5
7
75
7
11
8
6
68
7
7
6
8
61
8
8
7
9
56
8
9
8
17
24
17
24
21
6
6
6
7
8
104
18
15
7
6
98
8
6
8
7
88
8
6
7
7
73
7
9
9
6
70
7
8
7
5
76
8
6
7
6
57
7
7
7
8
60
7
7
7
8
60
8
7
14
18
47
6
7
10
8
43
7
8
7
7
37
8
7
8
7
29
11
7
7
7
7
6
8
7
7
8
6
8
7
87
7
7
7
7
79
6
7
6
16
82
7
6
6
6
83
7
7
7
7
72
8
7
8
6
82
6
7
6
74
29
6
11
6
7
28
7
6
7
95
7
7
7
7
7
30
7
7
8
7
6
7
7
7
7
7
26
41
33
7
7
7
30
8
72
6
7
7
8
74
7
8
6
7
70
6
14
20
101
19
31
7
7
7
51
7
8
7
6
54
12
7
8
7
45
9
24
7
6
7
7
8
10
89
7
8
8
7
85
6
6
11
6
93
10
8
35
6
82
7
8
7
7
76
6
7
7
6
77
6
7
7
7
74
8
8
8
9
70
7
6
6
7
59
5
6
8
7
62
7
7
8
7
55
7
6
7
8
54
6
6
8
6
41
6
29
10
45
8
6
7
7
86
7
7
6
7
91
8
7
7
7
83
7
7
7
7
74
7
7
7
7
81
6
8
8
6
73
7
7
7
7
67
8
20
7
6
59
6
6
7
5
42
7
7
7
5
53
6
7
7
10
44
7
8
7
6
35
8
7
19
6
21
7
7
7
11
16
7
6
11
7
8
8
7
6
6
9
9
7
7
10
7
10
6
6
118
8
6
8
6
86
7
7
7
6
75
6
6
7
9
63
8
9
16
8
73
8
7
7
8
67
7
7
8
6
56
7
6
7
7
52
7
7
6
9
41
8
8
7
77
7
7
7
7
63
7
6
7
7
56
6
6
6
6
61
7
7
5
7
51
7
7
6
7
58
7
7
7
6
21
9
8
7
16
6
8
7
7
6
7
7
6
7
7
8
6
7
7
7
6
7
6
8
96
7
9
7
6
94
6
7
7
7
95
7
6
7
7
92
7
7
7
7
85
7
9
7
7
77
43
9
6
7
32
6
9
7
7
20
7
7
7
6
6
6
7
33
93
8
7
7
7
87
7
6
7
6
73
7
7
7
6
70
7
8
7
7
64
6
10
7
8
48
7
7
7
7
39
8
7
8
7
39
7
11
7
7
18
7
6
7
7
20
7
6
7
7
17
6
7
7
7
12
7
7
8
7
15
6
7
7
6
7
7
6
7
6
7
7
7
9
91
7
6
6
6
85
6
6
6
6
86
7
6
7
8
71
6
6
7
6
71
7
8
7
6
63
7
8
7
6
62
8
7
7
7
72
6
7
7
7
53
6
6
6
9
31
7
7
7
7
37
7
7
6
8
37
8
8
6
8
53
9
27
8
6
28
18
7
7
10
33
6
6
7
7
22
7
7
6
7
7
7
7
7
9
7
8
7
7
7
7
18
7
7
89
6
13
7
8
93
7
6
7
7
34
5
6
11
6
68
10
6
7
6
66
6
14
7
7
62
7
7
8
7
53
6
6
7
7
51
7
6
8
8
48
7
6
7
7
45
7
6
7
7
8
6
7
7
7
27
7
7
7
7
20
7
7
7
6
17
8
6
7
6
10
7
7
7
17
9
8
9
11
94
7
7
7
7
97
7
8
6
6
91
7
6
7
6
87
7
7
8
6
79
7
7
9
6
71
11
7
7
6
66
7
6
8
6
65
7
7
7
8
55
15
6
7
6
47
7
7
6
7
46
6
7
6
12
40
10
6
13
23
6
7
7
7
19
7
7
7
7
8
7
6
6
6
7
6
6
10
8
7
7
9
9
65
7
8
7
8
6
7
17
6
8
94
10
6
6
7
89
7
6
6
6
86
6
6
7
7
81
6
7
6
8
89
10
7
7
7
73
7
7
7
7
79
7
7
8
7
82
6
8
7
6
61
7
7
6
6
78
6
7
6
6
74
7
6
7
8
82
14
6
6
6
65
17
8
7
7
67
13
7
9
7
64
7
7
7
6
62
7
9
7
6
26
8
7
8
7
47
8
8
7
7
53
10
14
7
7
20
6
8
7
7
21
7
6
8
86
7
6
7
7
6
12
7
8
8
7
8
7
30
27
9
19
32
39
90
46
7
47
44
96
38
30
15
32
99
47
43
42
41
86
44
34
19
40
90
15
8
7
7
54
6
7
7
6
47
7
7
7
8
15
7
6
6
66
7
7
6
7
69
8
7
6
10
78
28
8
7
7
70
7
7
8
7
57
7
7
7
6
46
6
6
7
6
49
8
7
7
8
43
6
6
6
7
41
7
6
7
6
41
7
6
7
7
38
13
7
7
7
24
8
8
6
8
7
9
8
7
83
9
44
21
9
94
7
7
12
9
9
13
7
91
9
9
7
6
6
41
15
7
7
93
7
7
8
7
20
9
7
13
8
6
8
6
7
7
41
7
7
6
8
38
7
7
7
8
29
7
7
7
8
15
7
10
9
7
28
7
6
7
7
23
6
7
7
6
26
7
7
8
7
23
7
6
7
7
17
7
9
7
7
8
7
6
42
102
8
7
8
8
7
6
7
7
6
6
10
6
8
7
7
9
6
6
7
7
7
7
7
7
92
6
6
6
6
90
8
7
7
6
138
37
5
7
6
77
7
7
6
26
70
8
7
6
6
71
8
7
8
6
67
6
6
8
6
53
6
6
6
6
42
6
6
7
7
54
6
6
6
7
43
7
7
6
6
50
6
7
6
8
39
7
7
7
7
31
7
6
6
73
7
7
7
6
7
23
7
7
7
7
20
7
6
6
14
13
7
6
7
7
7
7
8
6
6
10
7
9
7
7
8
7
7
10
8
6
13
6
7
7
7
7
6
7
92
8
13
8
6
84
6
14
8
11
79
7
6
7
15
67
7
6
29
6
55
6
6
7
5
63
6
7
7
6
66
19
6
7
8
59
6
7
7
22
53
7
7
15
8
45
6
8
8
7
36
6
7
7
7
27
7
10
8
7
19
7
6
6
7
20
8
16
8
7
16
6
15
7
10
10
23
6
7
8
11
8
7
6
6
8
7
6
6
6
25
7
7
7
7
7
6
6
8
82
16
9
7
17
70
7
7
7
6
75
7
6
8
12
75
7
15
6
6
73
16
6
7
13
61
6
6
8
7
60
8
8
7
16
50
7
8
6
6
41
6
7
6
11
48
6
10
7
6
36
7
7
7
12
44
9
8
7
9
39
7
6
7
7
35
7
7
6
7
31
6
7
6
7
23
7
6
7
6
23
45
48
23
107
12
7
11
8
95
10
7
7
8
94
10
7
7
7
76
9
12
8
8
78
7
6
7
6
77
6
6
7
6
70
9
17
7
6
61
7
8
7
6
46
7
6
15
20
43
11
9
7
7
34
7
7
6
7
24
7
6
7
6
19
6
7
6
6
11
7
6
7
7
7
8
6
22
7
6
7
7
7
96
6
6
7
8
82
7
8
6
7
69
6
7
6
6
67
7
6
7
6
61
6
7
7
7
41
7
6
7
6
52
7
53
7
7
46
8
7
7
6
39
6
6
6
31
7
7
7
14
7
7
9
7
85
6
7
7
9
73
7
7
7
7
63
6
7
8
6
52
7
7
8
7
46
7
8
7
10
55
6
7
11
6
56
6
6
7
7
57
14
7
6
6
35
8
7
13
7
23
7
8
7
7
22
7
8
7
7
13
34
28
6
93
7
7
24
9
39
7
8
11
7
18
7
7
7
8
10
7
7
7
88
14
8
9
7
95
8
8
6
7
96
7
8
7
16
84
7
7
6
6
83
8
7
7
7
80
7
6
7
7
71
8
9
7
8
69
8
7
6
6
61
8
7
7
7
70
7
6
6
9
70
7
8
7
7
67
7
7
7
6
61
7
7
6
9
64
7
7
7
7
68
30
7
7
7
60
8
12
7
7
60
6
7
7
6
49
9
7
7
6
49
7
7
7
7
40
8
7
7
7
31
7
6
6
6
30
7
7
8
8
55
6
7
7
7
14
8
7
7
7
9
6
7
8
8
9
7
7
7
9
7
7
7
23
95
6
7
7
7
101
7
6
12
7
93
7
6
6
6
83
7
7
8
7
90
7
7
8
6
67
6
7
6
7
62
8
7
8
8
54
6
7
6
6
39
6
7
6
7
49
7
9
8
6
59
7
7
7
6
40
8
7
6
7
25
6
7
8
7
27
7
6
6
41
7
9
9
7
8
7
7
6
6
6
20
7
5
6
100
7
7
6
6
95
7
6
7
6
93
6
6
7
7
83
6
8
6
8
79
9
7
7
7
26
6
7
8
6
64
7
7
7
7
61
7
6
7
6
51
7
7
7
7
47
6
8
7
8
53
6
7
8
8
48
7
7
8
8
43
7
6
7
7
26
7
10
7
6
27
8
7
16
7
15
9
14
8
7
19
7
7
7
7
22
7
6
7
8
6
7
8
7
7
8
7
6
6
93
7
6
7
6
94
8
6
7
5
91
16
7
6
7
86
7
7
6
6
75
7
7
7
7
122
50
6
7
6
65
7
7
7
6
66
7
7
8
6
59
8
7
6
6
60
7
7
18
6
51
8
6
7
7
42
7
7
6
6
34
6
6
6
90
34
7
6
7
6
31
7
12
7
7
28
7
7
6
6
22
7
7
7
8
27
8
8
7
6
25
7
9
8
7
13
6
6
7
7
21
6
6
7
7
18
9
7
7
7
9
33
7
7
6
8
6
6
6
92
15
7
7
8
38
9
8
7
8
77
6
7
7
7
78
7
10
7
6
70
7
7
7
7
65
7
7
7
7
66
7
6
6
7
55
7
7
7
36
49
7
7
7
8
42
7
5
7
8
47
7
7
14
8
38
7
7
8
7
33
7
7
6
7
24
7
8
7
8
25
7
7
6
7
14
9
6
8
7
9
7
6
7
7
12
33
7
7
8
8
8
7
7
6
6
7
8
17
7
7
7
11
6
93
7
7
7
6
92
6
8
6
6
90
6
7
7
7
100
7
7
7
8
80
7
7
8
6
83
9
9
8
7
83
7
7
7
7
76
8
8
8
7
87
8
7
6
6
84
8
7
6
7
78
7
7
7
5
73
6
6
7
6
74
6
7
8
7
67
7
6
6
7
72
8
8
7
7
56
7
8
7
7
47
7
7
6
20
51
6
6
7
7
28
7
7
9
7
17
7
7
7
7
10
6
6
7
103
15
7
6
8
7
7
7
7
7
96
8
8
11
6
96
8
9
6
6
83
7
7
7
6
86
6
8
6
8
84
31
7
13
9
81
7
9
7
6
83
7
6
7
7
74
8
9
6
6
76
9
7
9
15
14
8
7
7
7
47
7
6
7
6
50
7
8
17
96
23
8
8
7
98
8
6
7
9
74
26
16
8
7
80
7
7
7
7
70
8
9
7
7
42
7
8
7
6
8
27
19
7
7
46
8
8
7
8
35
7
7
7
8
9
27
27
6
7
15
7
7
7
7
11
9
7
6
97
7
7
10
8
94
10
27
8
6
83
6
7
7
7
77
6
7
7
7
66
7
7
6
7
58
7
7
9
7
44
8
9
7
10
41
7
8
7
6
37
7
7
6
6
25
6
7
6
6
17
6
6
8
6
9
9
17
7
7
6
28
30
10
95
7
7
8
8
85
7
8
7
6
85
6
6
7
7
76
7
7
6
9
70
6
8
6
10
64
7
7
7
6
54
6
7
7
6
44
8
7
8
7
42
8
7
7
6
36
7
6
7
7
35
12
8
6
7
24
7
8
6
94
8
7
6
6
94
7
7
7
8
8
7
7
6
7
94
8
7
6
7
90
8
6
6
6
94
7
7
8
8
82
8
7
6
7
81
6
8
7
6
79
7
8
7
10
76
7
7
6
6
76
7
7
6
6
43
7
6
6
6
74
8
7
7
7
59
7
7
7
7
55
7
7
9
6
45
11
7
16
9
45
7
6
7
8
42
7
7
6
7
37
7
6
6
28
29
7
7
7
9
28
16
24
6
6
28
7
7
7
10
27
7
9
6
94
6
8
7
7
7
6
7
7
6
96
7
7
7
8
95
8
10
10
9
6
7
7
7
9
89
6
6
6
6
82
6
6
7
7
74
7
6
6
7
72
7
7
6
7
65
6
7
8
7
74
7
10
7
12
66
7
12
7
6
61
6
7
7
6
46
11
7
7
7
44
7
7
6
7
37
7
6
7
8
24
9
8
6
6
14
8
7
7
7
9
6
9
6
8
7
6
7
8
7
10
6
7
7
91
8
7
6
6
89
11
7
18
8
69
8
6
8
7
71
6
10
8
7
66
34
28
8
18
46
8
6
6
7
30
7
9
7
10
30
7
6
7
7
28
6
7
7
8
36
7
7
7
7
31
7
7
7
7
29
8
6
7
7
15
8
7
7
8
17
6
7
12
7
9
7
8
7
7
7
7
7
6
7
9
9
6
7
94
8
8
8
6
88
7
8
7
8
81
7
7
7
6
72
7
6
6
7
66
7
7
9
8
60
9
7
7
8
52
8
7
6
8
47
8
6
7
7
39
20
7
7
7
40
6
7
7
7
38
7
7
8
6
37
7
7
7
8
23
8
8
7
9
29
7
7
6
7
30
7
6
7
7
29
31
22
6
7
13
6
6
6
6
17
6
8
7
8
12
7
6
8
7
10
7
6
6
7
12
7
7
6
95
7
7
7
6
92
8
7
7
7
81
7
6
7
6
82
8
7
7
6
72
7
10
6
6
69
7
7
6
6
63
6
6
6
6
69
7
7
8
7
65
6
8
7
16
63
7
7
6
22
61
8
7
16
7
56
7
7
7
7
37
6
7
7
6
46
7
6
6
8
39
7
7
8
7
37
7
15
6
10
28
7
7
7
7
39
7
8
7
9
35
6
8
8
8
7
7
7
6
8
11
8
12
5
62
6
9
7
7
79
7
7
7
7
85
6
7
6
7
73
7
8
16
6
63
9
7
8
7
46
12
7
7
7
52
7
8
6
7
42
6
6
7
130
47
29
7
7
7
33
5
7
7
6
23
7
9
7
7
13
7
7
7
7
79
9
8
6
6
11
7
8
6
6
10
7
6
7
6
7
6
8
7
6
8
7
7
7
8
8
23
7
7
94
7
7
11
6
11
11
13
7
6
36
7
10
6
7
33
8
7
7
7
29
7
10
5
7
29
8
7
6
7
19
7
8
6
7
15
7
8
7
8
15
8
8
9
7
12
7
6
8
6
9
7
6
8
8
13
6
8
7
7
7
7
6
6
8
6
7
7
7
95
6
7
8
6
107
12
11
7
7
83
8
7
6
8
89
7
7
7
7
80
6
7
6
7
66
6
7
28
29
60
7
7
7
8
47
7
7
7
7
36
7
7
6
7
37
7
8
6
7
24
9
7
6
7
27
25
17
8
11
18
7
8
7
7
22
9
7
7
7
14
6
7
8
7
12
7
6
7
7
7
8
7
7
7
14
8
7
7
95
6
6
7
7
99
8
7
7
8
61
7
8
7
8
81
7
8
8
8
62
7
8
7
8
63
13
10
6
7
55
7
10
6
6
56
7
7
6
7
47
11
10
7
7
44
7
7
7
6
35
6
7
8
6
32
8
9
7
7
28
8
12
18
7
22
7
6
6
7
15
7
7
7
7
13
30
9
7
7
8
7
7
14
6
10
7
6
6
103
8
7
8
7
93
10
41
7
8
90
7
6
6
6
79
6
7
8
6
69
7
10
7
9
64
6
7
11
7
66
6
6
7
7
51
6
7
6
6
40
7
6
6
7
41
7
6
9
5
39
6
8
14
8
36
7
7
6
7
26
7
6
7
12
26
7
7
7
7
23
7
6
7
7
15
7
9
9
