
 <-> yoyopics.com <->
;; ->>HEADER<<-  status: NOERROR, id: 83
;; flags: aa 
;; ANSWER: 1

;; ANSWER SECTION: 
yopics.com......yoyopics.com    78.46.107.51
;; Time: 592ms
592

 <-> ahintofhoney.com <->
;; ->>HEADER<<-  status: NOERROR, id: 80
;; flags: aa 
;; ANSWER: 1

;; ANSWER SECTION: 
.ahintofhoney.com    162.241.24.206
;; Time: 506ms
506

 <-> rawmmc.com <->
;; ->>HEADER<<-  status: NOERROR, id: 159
;; flags: aa 
;; ANSWER: 1

;; ANSWER SECTION: 
.rawmmc.com    13.57.56.165
;; Time: 510ms
510

 <-> t-rob.net <->
;; ->>HEADER<<-  status: NOERROR, id: 133
;; flags: aa 
;; ANSWER: 1

;; ANSWER SECTION: 
.t-rob.net    67.209.119.88
;; Time: 694ms
694

 <-> aftcra.com <->
;; ->>HEADER<<-  status: NOERROR, id: 15
;; flags: aa 
;; ANSWER: 1

;; ANSWER SECTION: 
.aftcra.com    64.91.233.112
;; Time: 576ms
576

 <-> whs.gov.hk <->
;; ->>HEADER<<-  status: NOERROR, id: 100
;; flags: aa 
;; ANSWER: 2

;; ANSWER SECTION: 
.whs.gov.hk    52.221.150.238
.whs.gov.hk    43.154.94.77
;; Time: 370ms
370

 <-> blacksondaddies.com <->
;; ->>HEADER<<-  status: NOERROR, id: 63
;; flags: aa 
;; ANSWER: 1

;; ANSWER SECTION: 
.blacksondaddies.com    52.86.52.217
;; Time: 444ms
444

 <-> hozamplaza.hu <->
;; ->>HEADER<<-  status: NOERROR, id: 33
;; flags: aa 
;; ANSWER: 1

;; ANSWER SECTION: 
.hozamplaza.hu    195.228.30.57
;; Time: 922ms
922

 <-> topqpon.si <->
;; ->>HEADER<<-  status: NOERROR, id: 99
;; flags: aa 
;; ANSWER: 1

;; ANSWER SECTION: 
.topqpon.si    212.44.120.135
;; Time: 296ms
296

 <-> asianescorts.com <->
;; ->>HEADER<<-  status: NOERROR, id: 15
;; flags: aa 
;; ANSWER: 2

;; ANSWER SECTION: 
.asianescorts.com    104.21.234.205
.asianescorts.com    104.21.234.204
;; Time: 297ms
297

 <-> contracts.ir <->
;; ->>HEADER<<-  status: NOERROR, id: 61
;; flags: aa 
;; ANSWER: 1

;; ANSWER SECTION: 
.contracts.ir    195.248.240.37
;; Time: 1771ms
1771

 <-> lightswitchhelpwebsite.com <->
;; ->>HEADER<<-  status: NOERROR, id: 119
;; flags: aa 
;; ANSWER: 1

;; ANSWER SECTION: 
.lightswitchhelpwebsite.com    52.183.96.48
;; Time: 498ms
498

 <-> rajdiscoms.com <->
;; ->>HEADER<<-  status: Error, id: 233
;; flags: aa 
;; ANSWER: 1

;; ANSWER SECTION: 
.rajdiscoms.com    182.237.19.212
;; Time: 5611ms
5611

 <-> poliis.ee <->
;; ->>HEADER<<-  status: NOERROR, id: 220
;; flags: aa 
;; ANSWER: 1

;; ANSWER SECTION: 
.poliis.ee    20.54.184.149
;; Time: 1384ms
1384

 <-> thefuturebuzz.com <->
;; ->>HEADER<<-  status: NOERROR, id: 65
;; flags: aa 
;; ANSWER: 2

;; ANSWER SECTION: 
.thefuturebuzz.com    104.21.34.93
.thefuturebuzz.com    172.67.202.156
;; Time: 295ms
295

 <-> dogaka.gov.tr <->
;; ->>HEADER<<-  status: NOERROR, id: 225
;; flags: aa 
;; ANSWER: 1

;; ANSWER SECTION: 
.dogaka.gov.tr    185.86.15.26
;; Time: 848ms
848

 <-> comwales.co.uk <->
;; ->>HEADER<<-  status: NOERROR, id: 122
;; flags: tc 
;; ANSWER: 0

;; ANSWER SECTION: 
;; Time: 2573ms
2573

 <-> incesto.blog <->
;; ->>HEADER<<-  status: NOERROR, id: 42
;; flags: aa 
;; ANSWER: 1

;; ANSWER SECTION: 
.incesto.blog    162.255.119.202
;; Time: 423ms
423

 <-> openmaps.eu <->
;; ->>HEADER<<-  status: NOERROR, id: 137
;; flags: aa 
;; ANSWER: 1

;; ANSWER SECTION: 
.openmaps.eu    185.33.55.22
;; Time: 918ms
918

 <-> buyphone.com.tw <->
;; ->>HEADER<<-  status: NOERROR, id: 104
;; flags: aa 
;; ANSWER: 1

;; ANSWER SECTION: 
.buyphone.com.tw    203.69.43.92
;; Time: 1605ms
1605

 <-> friv6.info <->
;; ->>HEADER<<-  status: Name Error, id: 172
;; flags: aa 
;; ANSWER: 0

;; ANSWER SECTION: 
;; Time: 129ms
129

 <-> airstop.sk <->
;; ->>HEADER<<-  status: NOERROR, id: 100
;; flags: aa 
;; ANSWER: 1

;; ANSWER SECTION: 
.airstop.sk    88.208.103.121
;; Time: 1330ms
1330

 <-> turismoeslovenia.es <->
;; ->>HEADER<<-  status: NOERROR, id: 167
;; flags: aa 
;; ANSWER: 1

;; ANSWER SECTION: 
.turismoeslovenia.es    75.119.205.54
;; Time: 633ms
633

 <-> komodolabs.com <->
;; ->>HEADER<<-  status: NOERROR, id: 196
;; flags: aa 
;; ANSWER: 1

;; ANSWER SECTION: 
.komodolabs.com    75.98.172.156
;; Time: 500ms
500

 <-> declarationprealable.fr <->
;; ->>HEADER<<-  status: NOERROR, id: 165
;; flags: aa 
;; ANSWER: 1

;; ANSWER SECTION: 
.declarationprealable.fr    79.99.166.90
;; Time: 1311ms
1311

 <-> englishisgood.blogsky.com <->
;; ->>HEADER<<-  status: NOERROR, id: 232
;; flags: aa 
;; ANSWER: 1

;; ANSWER SECTION: 
.englishisgood.blogsky.com    178.216.250.131
;; Time: 504ms
504

 <-> vietnambiz.org <->
;; ->>HEADER<<-  status: NOERROR, id: 253
;; flags: aa 
;; ANSWER: 1

;; ANSWER SECTION: 
.vietnambiz.org    103.224.212.221
;; Time: 910ms
910

 <-> nclat.nic.in <->
;; ->>HEADER<<-  status: NOERROR, id: 13
;; flags: aa 
;; ANSWER: 1

;; ANSWER SECTION: 
.nclat.nic.in    164.100.252.118
;; Time: 675ms
675

 <-> rainbowfcu.com <->
;; ->>HEADER<<-  status: NOERROR, id: 151
;; flags: aa 
;; ANSWER: 2

;; ANSWER SECTION: 
.rainbowfcu.com    15.197.142.173
.rainbowfcu.com    3.33.152.147
;; Time: 500ms
500

 <-> mazda.fi <->
;; ->>HEADER<<-  status: NOERROR, id: 20
;; flags: aa 
;; ANSWER: 2

;; ANSWER SECTION: 
.mazda.fi    20.54.176.184
.mazda.fi    20.50.222.94
;; Time: 648ms
648

 <-> brushopolis.myshopify.com <->
;; ->>HEADER<<-  status: NOERROR, id: 110
;; flags: aa 
;; ANSWER: 2

;; ANSWER SECTION: 
.brushopolis.myshopify.com    shopsmyshopify.com.
.shops.myshopify.com    23.227.38.74
;; Time: 290ms
290

 <-> rlz.org.il <->
;; ->>HEADER<<-  status: NOERROR, id: 76
;; flags: aa 
;; ANSWER: 1

;; ANSWER SECTION: 
.rlz.org.il    212.179.114.226
;; Time: 1562ms
1562

 <-> sfcnclaser.com <->
;; ->>HEADER<<-  status: NOERROR, id: 225
;; flags: aa 
;; ANSWER: 2

;; ANSWER SECTION: 
.sfcnclaser.com    47.74.65.149
.sfcnclaser.com    174.129.30.142
;; Time: 614ms
614

 <-> csw.ac.th <->
;; ->>HEADER<<-  status: NOERROR, id: 18
;; flags: aa 
;; ANSWER: 1

;; ANSWER SECTION: 
.csw.ac.th    103.91.189.177
;; Time: 778ms
778

 <-> elviajedetuvida.es <->
;; ->>HEADER<<-  status: NOERROR, id: 164
;; flags: aa 
;; ANSWER: 1

;; ANSWER SECTION: 
.elviajedetuvida.es    217.160.0.54
;; Time: 798ms
798

 <-> ballsure.com <->
;; ->>HEADER<<-  status: NOERROR, id: 67
;; flags: aa 
;; ANSWER: 1

;; ANSWER SECTION: 
.ballsure.com    103.76.181.161
;; Time: 529ms
529

 <-> magnovianacosta.blogspot.com <->
;; ->>HEADER<<-  status: NOERROR, id: 224
;; flags: aa 
;; ANSWER: 2

;; ANSWER SECTION: 
.magnovianacosta.blogspot.com    blogspot.l.googleusercontentcom.
.blogspot.l.googleusercontent.com    142.250.66.193
;; Time: 382ms
382

 <-> randovelo.fr <->
;; ->>HEADER<<-  status: NOERROR, id: 248
;; flags: aa 
;; ANSWER: 1

;; ANSWER SECTION: 
.randovelo.fr    89.185.37.186
;; Time: 1012ms
1012

 <-> comerartadvisory.com <->
;; ->>HEADER<<-  status: NOERROR, id: 129
;; flags: aa 
;; ANSWER: 1

;; ANSWER SECTION: 
.comerartadvisory.com    81.200.113.62
;; Time: 629ms
629

 <-> visit-vermont.com <->
;; ->>HEADER<<-  status: NOERROR, id: 41
;; flags: aa 
;; ANSWER: 1

;; ANSWER SECTION: 
.visit-vermont.com    34.194.97.180
;; Time: 538ms
538

 <-> centroinox.it <->
;; ->>HEADER<<-  status: NOERROR, id: 254
;; flags: aa 
;; ANSWER: 1

;; ANSWER SECTION: 
.centroinox.it    31.11.36.11
;; Time: 1913ms
1913

 <-> reinforcing.com.au <->
;; ->>HEADER<<-  status: NOERROR, id: 193
;; flags: aa 
;; ANSWER: 1

;; ANSWER SECTION: 
.reinforcing.com.au    35.189.96.53
;; Time: 437ms
437

 <-> newsworks.co.kr <->
;; ->>HEADER<<-  status: NOERROR, id: 193
;; flags: aa 
;; ANSWER: 1

;; ANSWER SECTION: 
.newsworks.co.kr    101.101.208.75
;; Time: 16719ms
16719

 <-> twce.org.tw <->
;; ->>HEADER<<-  status: NOERROR, id: 8
;; flags: aa 
;; ANSWER: 1

;; ANSWER SECTION: 
.twce.org.tw    210.61.66.63
;; Time: 1361ms
1361

 <-> stgeorgesweybridge.com <->
;; ->>HEADER<<-  status: NOERROR, id: 183
;; flags: aa 
;; ANSWER: 1

;; ANSWER SECTION: 
.stgeorgesweybridge.com    46.101.58.53
;; Time: 1146ms
1146

 <-> omastere.ru <->
;; ->>HEADER<<-  status: NOERROR, id: 123
;; flags: aa 
;; ANSWER: 1

;; ANSWER SECTION: 
.omastere.ru    159.69.35.191
;; Time: 753ms
753

 <-> sitesaid.ru <->
;; ->>HEADER<<-  status: NOERROR, id: 126
;; flags: aa 
;; ANSWER: 2

;; ANSWER SECTION: 
.sitesaid.ru    104.21.17.146
.sitesaid.ru    172.67.176.216
;; Time: 760ms
760

 <-> imarks.in <->
;; ->>HEADER<<-  status: NOERROR, id: 224
;; flags: aa 
;; ANSWER: 1

;; ANSWER SECTION: 
.imarks.in    65.109.61.194
;; Time: 1319ms
1319

 <-> edt02.net <->
;; ->>HEADER<<-  status: NOERROR, id: 170
;; flags: aa 
;; ANSWER: 1

;; ANSWER SECTION: 
.edt02.net    213.186.33.5
;; Time: 579ms
579

 <-> ourstravel.com <->
;; ->>HEADER<<-  status: NOERROR, id: 85
;; flags: aa 
;; ANSWER: 1

;; ANSWER SECTION: 
.ourstravel.com    64.98.135.89
;; Time: 503ms
503

 <-> spyonmen007.tumblr.com <->
;; ->>HEADER<<-  status: NOERROR, id: 138
;; flags: aa 
;; ANSWER: 2

;; ANSWER SECTION: 
.spyonmen007.tumblr.com    74.114.154.18
.spyonmen007.tumblr.com    74.114.154.22
;; Time: 287ms
287

 <-> nissay-hp.or.jp <->
;; ->>HEADER<<-  status: NOERROR, id: 105
;; flags: aa 
;; ANSWER: 1

;; ANSWER SECTION: 
.nissay-hp.or.jp    165.100.211.85
;; Time: 954ms
954

 <-> fornacigrigolin.it <->
;; ->>HEADER<<-  status: NOERROR, id: 112
;; flags: aa 
;; ANSWER: 1

;; ANSWER SECTION: 
.fornacigrigolin.it    46.254.38.56
;; Time: 1859ms
1859

 <-> girls-art.photos <->
;; ->>HEADER<<-  status: NOERROR, id: 241
;; flags: aa 
;; ANSWER: 12

;; ANSWER SECTION: 
.girls-art.photos    45.33.18.44
.girls-art.photos    45.79.19.196
.girls-art.photos    72.14.178.174
.girls-art.photos    45.56.79.23
.girls-art.photos    96.126.123.244
.girls-art.photos    173.255.194.134
.girls-art.photos    45.33.2.79
.girls-art.photos    198.58.118.167
.girls-art.photos    45.33.30.197
.girls-art.photos    72.14.185.43
.girls-art.photos    45.33.23.183
.girls-art.photos    45.33.20.235
;; Time: 837ms
837

 <-> aulahispanica.com <->
;; ->>HEADER<<-  status: NOERROR, id: 149
;; flags: aa 
;; ANSWER: 1

;; ANSWER SECTION: 
.aulahispanica.com    104.168.134.144
;; Time: 495ms
495

 <-> binomovietnam.com <->
;; ->>HEADER<<-  status: NOERROR, id: 135
;; flags: aa 
;; ANSWER: 1

;; ANSWER SECTION: 
.binomovietnam.com    162.255.119.81
;; Time: 289ms
289

 <-> tengokunoumi.com <->
;; ->>HEADER<<-  status: NOERROR, id: 113
;; flags: aa 
;; ANSWER: 1

;; ANSWER SECTION: 
.tengokunoumi.com    67.205.13.234
;; Time: 498ms
498

 <-> milprogramaspc.blogspot.mx <->
;; ->>HEADER<<-  status: NOERROR, id: 108
;; flags: aa 
;; ANSWER: 2

;; ANSWER SECTION: 
.milprogramaspc.blogspot.mx    blogspot.l.googleusercontent.com.
.blogspot.l.googleusercontent.com    142.250.66.193
;; Time: 956ms
956

 <-> proscitech.com <->
;; ->>HEADER<<-  status: NOERROR, id: 211
;; flags: aa 
;; ANSWER: 2

;; ANSWER SECTION: 
.proscitech.com    104.21.5.134
.proscitech.com    172.67.133.125
;; Time: 297ms
297

 <-> ict.govt.nz <->
;; ->>HEADER<<-  status: NOERROR, id: 239
;; flags: aa 
;; ANSWER: 2

;; ANSWER SECTION: 
.ict.govt.nz    45.60.11.134
.ict.govt.nz    45.60.15.134
;; Time: 189ms
189

 <-> thefashionbible.co.uk <->
;; ->>HEADER<<-  status: NOERROR, id: 4
;; flags: aa 
;; ANSWER: 1

;; ANSWER SECTION: 
.thefashionbible.co.uk    23.227.38.32
;; Time: 616ms
616

 <-> teatregoya.cat <->
;; ->>HEADER<<-  status: NOERROR, id: 37
;; flags: aa 
;; ANSWER: 1

;; ANSWER SECTION: 
.teatregoya.cat    52.213.12.107
;; Time: 1311ms
1311

 <-> medicalgenomics.ru <->
;; ->>HEADER<<-  status: NOERROR, id: 149
;; flags: aa 
;; ANSWER: 1

;; ANSWER SECTION: 
.medicalgenomics.ru    45.128.206.26
;; Time: 765ms
765

 <-> pctravelbookingengine.ca <->
;; ->>HEADER<<-  status: NOERROR, id: 217
;; flags: aa 
;; ANSWER: 2

;; ANSWER SECTION: 
.pctravelbookingengine.ca    15.197.142.173
.pctravelbookingengine.ca    3.33.152.147
;; Time: 839ms
839

 <-> xkbz.cn <->
;; ->>HEADER<<-  status: Name Error, id: 253
;; flags: aa 
;; ANSWER: 0

;; ANSWER SECTION: 
;; Time: 278ms
278

 <-> alfred-versatile.tumblr.com <->
;; ->>HEADER<<-  status: NOERROR, id: 0
;; flags: aa 
;; ANSWER: 2

;; ANSWER SECTION: 
.alfred-versatile.tumblr.com    74.114.154.22
.alfred-versatile.tumblr.com    74.114.154.18
;; Time: 288ms
288

 <-> kottosoft.ucoz.com <->
;; ->>HEADER<<-  status: NOERROR, id: 118
;; flags: aa 
;; ANSWER: 1

;; ANSWER SECTION: 
.kottosoft.ucoz.com    195.216.243.242
;; Time: 1218ms
1218

 <-> sattamatka.online <->
;; ->>HEADER<<-  status: NOERROR, id: 79
;; flags: aa 
;; ANSWER: 1

;; ANSWER SECTION: 
.sattamatka.online    80.209.225.113
;; Time: 426ms
426

 <-> myguidereykjavik.com <->
;; ->>HEADER<<-  status: NOERROR, id: 43
;; flags: aa 
;; ANSWER: 2

;; ANSWER SECTION: 
.myguidereykjavik.com    52.208.218.244
.myguidereykjavik.com    52.209.19.122
;; Time: 444ms
444

 <-> golicraft.no <->
;; ->>HEADER<<-  status: NOERROR, id: 208
;; flags: aa 
;; ANSWER: 1

;; ANSWER SECTION: 
.golicraft.no    194.63.248.52
;; Time: 758ms
758

 <-> channellock.com <->
;; ->>HEADER<<-  status: NOERROR, id: 54
;; flags: aa 
;; ANSWER: 1

;; ANSWER SECTION: 
.channellock.com    159.89.92.204
;; Time: 540ms
540

 <-> greenwoodcarshow.com <->
;; ->>HEADER<<-  status: NOERROR, id: 162
;; flags: aa 
;; ANSWER: 4

;; ANSWER SECTION: 
.greenwoodcarshow.com    198.185.159.144
.greenwoodcarshow.com    198.185.159.145
.greenwoodcarshow.com    198.49.23.144
.greenwoodcarshow.com    198.49.23.145
;; Time: 495ms
495

 <-> tokvila.lt <->
;; ->>HEADER<<-  status: NOERROR, id: 94
;; flags: aa 
;; ANSWER: 1

;; ANSWER SECTION: 
.tokvila.lt    94.176.232.170
;; Time: 781ms
781

 <-> mediaevent.at <->
;; ->>HEADER<<-  status: NOERROR, id: 6
;; flags: aa 
;; ANSWER: 1

;; ANSWER SECTION: 
.mediaevent.at    91.227.204.35
;; Time: 795ms
795

 <-> qubena.com <->
;; ->>HEADER<<-  status: NOERROR, id: 254
;; flags: aa 
;; ANSWER: 1

;; ANSWER SECTION: 
.qubena.com    210.157.78.61
;; Time: 451ms
451

 <-> lang-laser.de <->
;; ->>HEADER<<-  status: NOERROR, id: 130
;; flags: aa 
;; ANSWER: 1

;; ANSWER SECTION: 
.lang-laser.de    217.160.0.171
;; Time: 1314ms
1314

 <-> kloptdatwel.nl <->
;; ->>HEADER<<-  status: NOERROR, id: 108
;; flags: aa 
;; ANSWER: 1

;; ANSWER SECTION: 
.kloptdatwel.nl    35.195.230.178
;; Time: 426ms
426

 <-> engawa.global <->
;; ->>HEADER<<-  status: NOERROR, id: 200
;; flags: aa 
;; ANSWER: 2

;; ANSWER SECTION: 
.engawa.global    13.112.121.201
.engawa.global    54.178.128.169
;; Time: 964ms
964

 <-> milmag.pl <->
;; ->>HEADER<<-  status: NOERROR, id: 128
;; flags: aa 
;; ANSWER: 1

;; ANSWER SECTION: 
.milmag.pl    185.255.40.172
;; Time: 784ms
784

 <-> myvisualiq.com <->
;; ->>HEADER<<-  status: NOERROR, id: 17
;; flags: aa 
;; ANSWER: 2

;; ANSWER SECTION: 
.myvisualiq.com    15.197.142.173
.myvisualiq.com    3.33.152.147
;; Time: 495ms
495

 <-> infominer.io <->
;; ->>HEADER<<-  status: NOERROR, id: 229
;; flags: aa 
;; ANSWER: 2

;; ANSWER SECTION: 
.infominer.io    104.21.72.160
.infominer.io    172.67.153.34
;; Time: 649ms
649

 <-> unixcctv.com <->
;; ->>HEADER<<-  status: NOERROR, id: 59
;; flags: aa 
;; ANSWER: 1

;; ANSWER SECTION: 
.unixcctv.com    35.215.83.201
;; Time: 579ms
579

 <-> iciccongo.com <->
;; ->>HEADER<<-  status: NOERROR, id: 218
;; flags: aa 
;; ANSWER: 1

;; ANSWER SECTION: 
.iciccongo.com    38.238.239.230
;; Time: 444ms
444

 <-> thaihothit.com <->
;; ->>HEADER<<-  status: NOERROR, id: 47
;; flags: aa 
;; ANSWER: 1

;; ANSWER SECTION: 
.thaihothit.com    115.178.63.47
;; Time: 296ms
296

 <-> ashford.gov.uk <->
;; ->>HEADER<<-  status: NOERROR, id: 247
;; flags: aa 
;; ANSWER: 1

;; ANSWER SECTION: 
.ashford.gov.uk    194.66.198.202
;; Time: 2552ms
2552

 <-> fleekbabies.myshopify.com <->
;; ->>HEADER<<-  status: NOERROR, id: 111
;; flags: aa 
;; ANSWER: 2

;; ANSWER SECTION: 
.fleekbabies.myshopify.com    shopsmyshopify.com.
.shops.myshopify.com    23.227.38.74
;; Time: 291ms
291

 <-> ulov56.ru <->
;; ->>HEADER<<-  status: NOERROR, id: 225
;; flags: aa 
;; ANSWER: 1

;; ANSWER SECTION: 
.ulov56.ru    91.189.114.14
;; Time: 799ms
799

 <-> tiemposonline.com <->
;; ->>HEADER<<-  status: NOERROR, id: 176
;; flags: aa 
;; ANSWER: 1

;; ANSWER SECTION: 
.tiemposonline.com    147.135.183.197
;; Time: 575ms
575

 <-> newsmake.net <->
;; ->>HEADER<<-  status: NOERROR, id: 114
;; flags: aa 
;; ANSWER: 1

;; ANSWER SECTION: 
.newsmake.net    103.224.182.253
;; Time: 1060ms
1060

 <-> auto-insite.nl <->
;; ->>HEADER<<-  status: NOERROR, id: 227
;; flags: aa 
;; ANSWER: 1

;; ANSWER SECTION: 
.auto-insite.nl    34.91.132.150
;; Time: 440ms
440

 <-> gigameubel.nl <->
;; ->>HEADER<<-  status: NOERROR, id: 113
;; flags: aa 
;; ANSWER: 1

;; ANSWER SECTION: 
.gigameubel.nl    49.12.129.74
;; Time: 432ms
432

 <-> jumpstarter.hk <->
;; ->>HEADER<<-  status: NOERROR, id: 234
;; flags: aa 
;; ANSWER: 1

;; ANSWER SECTION: 
.jumpstarter.hk    47.56.127.110
;; Time: 1049ms
1049

 <-> showman1.com <->
;; ->>HEADER<<-  status: NOERROR, id: 24
;; flags: aa 
;; ANSWER: 2

;; ANSWER SECTION: 
.showman1.com    15.197.142.173
.showman1.com    3.33.152.147
;; Time: 494ms
494

 <-> firewolfcounseling.weebly.com <->
;; ->>HEADER<<-  status: NOERROR, id: 81
;; flags: aa 
;; ANSWER: 3

;; ANSWER SECTION: 
.firewolfcounseling.weebly.com    pages-wildcardweebly.com.
.pages-wildcard.weebly.com    199.34.228.53
.pages-wildcard.weebly.com    199.34.228.54
;; Time: 450ms
450

 <-> windows10top.com <->
;; ->>HEADER<<-  status: NOERROR, id: 253
;; flags: aa 
;; ANSWER: 1

;; ANSWER SECTION: 
.windows10top.com    199.59.243.224
;; Time: 297ms
297

 <-> liquidagency.com <->
;; ->>HEADER<<-  status: NOERROR, id: 134
;; flags: aa 
;; ANSWER: 2

;; ANSWER SECTION: 
.liquidagency.com    141.193.213.20
.liquidagency.com    141.193.213.21
;; Time: 937ms
937

 <-> sopranos-locations.com <->
;; ->>HEADER<<-  status: NOERROR, id: 34
;; flags: aa 
;; ANSWER: 1

;; ANSWER SECTION: 
.sopranos-locations.com    173.236.207.166
;; Time: 496ms
496

 <-> solarclarity.nl <->
;; ->>HEADER<<-  status: NOERROR, id: 192
;; flags: aa 
;; ANSWER: 1

;; ANSWER SECTION: 
.solarclarity.nl    141.138.169.223
;; Time: 852ms
852

 <-> malteesser.com <->
;; ->>HEADER<<-  status: NOERROR, id: 236
;; flags: aa 
;; ANSWER: 1

;; ANSWER SECTION: 
.malteesser.com    108.167.158.27
;; Time: 505ms
505

 <-> pitts.be <->
;; ->>HEADER<<-  status: NOERROR, id: 243
;; flags: aa 
;; ANSWER: 1

;; ANSWER SECTION: 
.pitts.be    138.201.199.45
;; Time: 1330ms
1330

 <-> gwe24.pl <->
;; ->>HEADER<<-  status: NOERROR, id: 78
;; flags: aa 
;; ANSWER: 2

;; ANSWER SECTION: 
.gwe24.pl    104.21.32.162
.gwe24.pl    172.67.152.223
;; Time: 749ms
749

 <-> wildpips.com <->
;; ->>HEADER<<-  status: NOERROR, id: 247
;; flags: aa 
;; ANSWER: 1

;; ANSWER SECTION: 
.wildpips.com    91.195.240.123
;; Time: 443ms
443

 <-> aidcvt.com <->
;; ->>HEADER<<-  status: NOERROR, id: 30
;; flags: aa 
;; ANSWER: 2

;; ANSWER SECTION: 
.aidcvt.com    104.21.26.7
.aidcvt.com    172.67.135.27
;; Time: 290ms
290

 <-> gremlintube.com <->
;; ->>HEADER<<-  status: NOERROR, id: 96
;; flags: aa 
;; ANSWER: 2

;; ANSWER SECTION: 
.gremlintube.com    104.21.36.219
.gremlintube.com    172.67.199.199
;; Time: 308ms
308

 <-> cityofoviedo.net <->
;; ->>HEADER<<-  status: NOERROR, id: 190
;; flags: aa 
;; ANSWER: 1

;; ANSWER SECTION: 
.cityofoviedo.net    207.38.72.93
;; Time: 447ms
447

 <-> ssrs.cz <->
;; ->>HEADER<<-  status: NOERROR, id: 182
;; flags: aa 
;; ANSWER: 1

;; ANSWER SECTION: 
.ssrs.cz    62.109.154.73
;; Time: 762ms
762

 <-> wazp.io <->
;; ->>HEADER<<-  status: NOERROR, id: 156
;; flags: aa 
;; ANSWER: 1

;; ANSWER SECTION: 
.wazp.io    162.241.252.53
;; Time: 861ms
861

 <-> slubowisko.pl <->
;; ->>HEADER<<-  status: NOERROR, id: 196
;; flags: aa 
;; ANSWER: 2

;; ANSWER SECTION: 
.slubowisko.pl    104.21.29.108
.slubowisko.pl    172.67.171.117
;; Time: 729ms
729

 <-> eckeweb.com <->
;; ->>HEADER<<-  status: NOERROR, id: 112
;; flags: aa 
;; ANSWER: 1

;; ANSWER SECTION: 
.eckeweb.com    157.7.107.52
;; Time: 406ms
406

 <-> opioids.com <->
;; ->>HEADER<<-  status: NOERROR, id: 90
;; flags: aa 
;; ANSWER: 1

;; ANSWER SECTION: 
.opioids.com    52.44.246.5
;; Time: 1014ms
1014

 <-> waterfordbikes.com <->
;; ->>HEADER<<-  status: NOERROR, id: 247
;; flags: aa 
;; ANSWER: 1

;; ANSWER SECTION: 
.waterfordbikes.com    69.4.32.142
;; Time: 984ms
984

 <-> isag.pt <->
;; ->>HEADER<<-  status: NOERROR, id: 208
;; flags: aa 
;; ANSWER: 1

;; ANSWER SECTION: 
.isag.pt    83.240.184.128
;; Time: 378ms
378

 <-> transportforex.co.za <->
;; ->>HEADER<<-  status: NOERROR, id: 236
;; flags: aa 
;; ANSWER: 1

;; ANSWER SECTION: 
.transportforex.co.za    52.215.59.253
;; Time: 953ms
953

 <-> elblogdelmandointermedio.com <->
;; ->>HEADER<<-  status: NOERROR, id: 86
;; flags: aa 
;; ANSWER: 1

;; ANSWER SECTION: 
.elblogdelmandointermedio.com    176.31.149.106
;; Time: 1221ms
1221

 <-> levidom.com <->
;; ->>HEADER<<-  status: NOERROR, id: 136
;; flags: aa 
;; ANSWER: 1

;; ANSWER SECTION: 
.levidom.com    103.224.212.220
;; Time: 458ms
458

 <-> cbradioguide.com <->
;; ->>HEADER<<-  status: NOERROR, id: 77
;; flags: aa 
;; ANSWER: 1

;; ANSWER SECTION: 
.cbradioguide.com    137.220.50.208
;; Time: 295ms
295

 <-> qyvpn.com.cn <->
;; ->>HEADER<<-  status: NOERROR, id: 71
;; flags: aa 
;; ANSWER: 1

;; ANSWER SECTION: 
.qyvpn.com.cn    124.71.10.122
;; Time: 1253ms
1253

 <-> danstasteofsummer.com <->
;; ->>HEADER<<-  status: NOERROR, id: 218
;; flags: aa 
;; ANSWER: 1

;; ANSWER SECTION: 
.danstasteofsummer.com    45.76.2.195
;; Time: 500ms
500

 <-> bookmeditationretreats.com <->
;; ->>HEADER<<-  status: NOERROR, id: 229
;; flags: aa 
;; ANSWER: 2

;; ANSWER SECTION: 
.bookmeditationretreats.com    104.21.37.4
.bookmeditationretreats.com    172.67.201.253
;; Time: 293ms
293

 <-> attores.net <->
;; ->>HEADER<<-  status: NOERROR, id: 9
;; flags: tc 
;; ANSWER: 0

;; ANSWER SECTION: 
;; Time: 2930ms
2930

 <-> arsyusha.ru <->
;; ->>HEADER<<-  status: NOERROR, id: 78
;; flags: aa 
;; ANSWER: 1

;; ANSWER SECTION: 
.arsyusha.ru    85.92.118.245
;; Time: 1418ms
1418

 <-> newarkmotorauctions.co.uk <->
;; ->>HEADER<<-  status: NOERROR, id: 177
;; flags: aa 
;; ANSWER: 1

;; ANSWER SECTION: 
.newarkmotorauctions.co.uk    18.169.102.61
;; Time: 733ms
733

 <-> succeedms.com <->
;; ->>HEADER<<-  status: NOERROR, id: 169
;; flags: aa 
;; ANSWER: 3

;; ANSWER SECTION: 
.succeedms.com    104.26.7.60
.succeedms.com    172.67.71.93
.succeedms.com    104.26.6.60
;; Time: 317ms
317

 <-> cleverblog.ru <->
;; ->>HEADER<<-  status: NOERROR, id: 12
;; flags: aa 
;; ANSWER: 1

;; ANSWER SECTION: 
.cleverblog.ru    78.24.221.104
;; Time: 821ms
821

 <-> northwestmusicscene.net <->
;; ->>HEADER<<-  status: NOERROR, id: 224
;; flags: aa 
;; ANSWER: 1

;; ANSWER SECTION: 

 <-> webermel.com.br <->
;; ->>HEADER<<-  status: NOERROR, id: 16
;; flags: aa 
;; ANSWER: 4

;; ANSWER SECTION: 
.northwestmusicscene.net    68.65.120.201
;; Time: 578ms
578
.webermel.com.br    18.67.111.61
.webermel.com.br    18.67.111.110
.webermel.com.br    18.67.111.38
.webermel.com.br    18.67.111.120
;; Time: 984ms
984

 <-> pantyhosed4u.com <->
;; ->>HEADER<<-  status: NOERROR, id: 220
;; flags: aa 
;; ANSWER: 1

;; ANSWER SECTION: 
.pantyhosed4u.com    99.192.200.5
;; Time: 513ms
513

 <-> bareoaks.ca <->
;; ->>HEADER<<-  status: NOERROR, id: 249
;; flags: aa 
;; ANSWER: 1

;; ANSWER SECTION: 
.bareoaks.ca    64.34.23.163
;; Time: 858ms
858

 <-> huaydeddee.blogspot.com <->
;; ->>HEADER<<-  status: NOERROR, id: 157
;; flags: aa 
;; ANSWER: 2

;; ANSWER SECTION: 
.huaydeddee.blogspot.com    blogspot.l.googleusercontentcom.
.blogspot.l.googleusercontent.com    142.250.66.193
;; Time: 383ms
383

 <-> uae-group.com <->
;; ->>HEADER<<-  status: NOERROR, id: 49
;; flags: aa 
;; ANSWER: 1

;; ANSWER SECTION: 
.uae-group.com    216.239.32.21
;; Time: 494ms
494

 <-> grishko.com.ua <->
;; ->>HEADER<<-  status: NOERROR, id: 241
;; flags: aa 
;; ANSWER: 1

;; ANSWER SECTION: 
.grishko.com.ua    91.200.40.115
;; Time: 1510ms
1510

 <-> yggdrasil.pl <->
;; ->>HEADER<<-  status: NOERROR, id: 193
;; flags: aa 
;; ANSWER: 1

;; ANSWER SECTION: 
.yggdrasil.pl    212.91.26.8
;; Time: 2168ms
2168

 <-> szthks.com <->
;; ->>HEADER<<-  status: NOERROR, id: 69
;; flags: aa 
;; ANSWER: 1

;; ANSWER SECTION: 
.szthks.com    69.16.230.42
;; Time: 571ms
571

 <-> verticebs.com <->
;; ->>HEADER<<-  status: NOERROR, id: 52
;; flags: aa 
;; ANSWER: 1

;; ANSWER SECTION: 
.verticebs.com    195.248.231.106
;; Time: 589ms
589

 <-> xvoiceover.com <->
;; ->>HEADER<<-  status: NOERROR, id: 203
;; flags: 
;; ANSWER: 0

;; ANSWER SECTION: 
;; Time: 1794ms
1794

 <-> loginmik.com <->
;; ->>HEADER<<-  status: NOERROR, id: 82
;; flags: aa 
;; ANSWER: 1

;; ANSWER SECTION: 
.loginmik.com    103.224.212.244
;; Time: 455ms
455

 <-> maihaoche.com <->
;; ->>HEADER<<-  status: NOERROR, id: 251
;; flags: aa 
;; ANSWER: 1

;; ANSWER SECTION: 
.maihaoche.com    116.62.174.198
;; Time: 1143ms
1143

 <-> bedfordbulldogs.org <->
;; ->>HEADER<<-  status: NOERROR, id: 233
;; flags: aa 
;; ANSWER: 2

;; ANSWER SECTION: 
.bedfordbulldogs.org    104.16.222.243
.bedfordbulldogs.org    104.16.223.243
;; Time: 573ms
573

 <-> hljkj.cn <->
;; ->>HEADER<<-  status: NOERROR, id: 55
;; flags: aa 
 <-> hotelavailabilities.com <->
;; ->>HEADER<<-  status: NOERROR, id: 88
;; flags: aa 
;; ANSWER: 1

;; ANSWER SECTION: 

;; ANSWER: 2

;; ANSWER SECTION: 
.hljkj.cn    111.40.174.145
.hotelavailabilities.com    172.66.40.82
.hotelavailabilities.com    172.66.43.174
;; Time: 1118ms
1118
;; Time: 295ms
295

 <-> chukchansigold.com <->
;; ->>HEADER<<-  status: NOERROR, id: 30
;; flags: aa 
;; ANSWER: 3

;; ANSWER SECTION: 
.chukchansigold.com    104.22.38.113
.chukchansigold.com    104.22.39.113
.chukchansigold.com    172.67.30.132
;; Time: 300ms
300

 <-> nestleprofessional.us <->
;; ->>HEADER<<-  status: NOERROR, id: 209
;; flags: aa 
;; ANSWER: 1

;; ANSWER SECTION: 
.nestleprofessional.us    23.185.0.1
;; Time: 417ms
417

 <-> carolinaravassa.com <->
;; ->>HEADER<<-  status: NOERROR, id: 153
;; flags: aa 
;; ANSWER: 3

;; ANSWER SECTION: 
.carolinaravassa.com    185.230.63.186
.carolinaravassa.com    185.230.63.171
.carolinaravassa.com    185.230.63.107
;; Time: 961ms
961

 <-> bestmobiles.in.ua <->
;; ->>HEADER<<-  status: NOERROR, id: 90
;; flags: aa 
;; ANSWER: 1

;; ANSWER SECTION: 
.bestmobiles.in.ua    185.68.16.209
;; Time: 1937ms
1937

 <-> netbee.shop <->
;; ->>HEADER<<-  status: NOERROR, id: 113
;; flags: aa 
;; ANSWER: 2

;; ANSWER SECTION: 
.netbee.shop    104.21.59.150
.netbee.shop    172.67.179.190
;; Time: 645ms
645

 <-> eporner.co <->
;; ->>HEADER<<-  status: NOERROR, id: 111
;; flags: aa 
;; ANSWER: 1

;; ANSWER SECTION: 
.eporner.co    199.59.243.224
;; Time: 640ms
640

 <-> danlawinc.com <->
;; ->>HEADER<<-  status: NOERROR, id: 97
;; flags: aa 
;; ANSWER: 1

;; ANSWER SECTION: 
.danlawinc.com    50.16.106.78
;; Time: 490ms
490

 <-> iida-riho.com <->
;; ->>HEADER<<-  status: NOERROR, id: 229
;; flags: aa 
;; ANSWER: 1

;; ANSWER SECTION: 
.iida-riho.com    54.64.189.139
;; Time: 447ms
447

 <-> nnplus.ru <->
;; ->>HEADER<<-  status: NOERROR, id: 67
;; flags: aa 
;; ANSWER: 1

;; ANSWER SECTION: 
.nnplus.ru    89.223.123.215
;; Time: 760ms
760

 <-> myswitchblade.com <->
;; ->>HEADER<<-  status: NOERROR, id: 221
;; flags: aa 
;; ANSWER: 1

;; ANSWER SECTION: 
.myswitchblade.com    67.225.243.158
;; Time: 498ms
498

 <-> sexlox.com <->
;; ->>HEADER<<-  status: NOERROR, id: 126
;; flags: aa 
;; ANSWER: 1

;; ANSWER SECTION: 
.sexlox.com    192.64.119.69
;; Time: 286ms
286

 <-> bylinkopedie.cz <->
;; ->>HEADER<<-  status: NOERROR, id: 10
;; flags: aa 
;; ANSWER: 2

;; ANSWER SECTION: 
.bylinkopedie.cz    83.167.244.201
.bylinkopedie.cz    83.167.244.202
;; Time: 760ms
760

 <-> englishgrammarexpress.com <->
;; ->>HEADER<<-  status: NOERROR, id: 80
;; flags: aa 
;; ANSWER: 2

;; ANSWER SECTION: 
.englishgrammarexpress.com    3.33.130.190
.englishgrammarexpress.com    15.197.148.33
;; Time: 502ms
502

 <-> au-agenda.com <->
;; ->>HEADER<<-  status: NOERROR, id: 126
;; flags: aa 
;; ANSWER: 1

;; ANSWER SECTION: 
.au-agenda.com    164.138.209.227
;; Time: 1008ms
1008

 <-> lapinkirjasto.fi <->
;; ->>HEADER<<-  status: NOERROR, id: 191
;; flags: aa 
;; ANSWER: 1

;; ANSWER SECTION: 
pinkirjasto.fi......lapinkirjasto.fi    193.106.8.152
;; Time: 638ms
638

 <-> kraftwurx.com <->
;; ->>HEADER<<-  status: NOERROR, id: 111
;; flags: aa 
;; ANSWER: 1

;; ANSWER SECTION: 
.kraftwurx.com    74.208.250.178
;; Time: 493ms
493

 <-> oceanic.com.br <->
;; ->>HEADER<<-  status: NOERROR, id: 201
;; flags: aa 
;; ANSWER: 1

;; ANSWER SECTION: 
.oceanic.com.br    200.194.172.31
;; Time: 1063ms
1063

 <-> nabu-natur-shop.de <->
;; ->>HEADER<<-  status: NOERROR, id: 147
;; flags: aa 
;; ANSWER: 1

;; ANSWER SECTION: 
.nabu-natur-shop.de    212.122.43.29
;; Time: 763ms
763

 <-> secand.jp <->
;; ->>HEADER<<-  status: NOERROR, id: 71
;; flags: aa 
;; ANSWER: 1

;; ANSWER SECTION: 
.secand.jp    153.127.227.115
;; Time: 859ms
859

 <-> theshackbook.com <->
;; ->>HEADER<<-  status: NOERROR, id: 22
;; flags: aa 
;; ANSWER: 1

;; ANSWER SECTION: 
.theshackbook.com    159.203.83.185
;; Time: 512ms
512

 <-> macekasyn.cz <->
;; ->>HEADER<<-  status: NOERROR, id: 41
;; flags: aa 
;; ANSWER: 1

;; ANSWER SECTION: 
.macekasyn.cz    89.221.213.33
;; Time: 466ms
466

 <-> nickbb87.tumblr.com <->
;; ->>HEADER<<-  status: NOERROR, id: 132
;; flags: aa 
;; ANSWER: 2

;; ANSWER SECTION: 
.nickbb87.tumblr.com    74.114.154.18
.nickbb87.tumblr.com    74.114.154.22
;; Time: 286ms
286

 <-> thereuschblog.com <->
;; ->>HEADER<<-  status: NOERROR, id: 44
;; flags: aa 
;; ANSWER: 1

;; ANSWER SECTION: 
.thereuschblog.com    185.53.177.31
;; Time: 7011ms
7011

 <-> birdhouseskateboards.com <->
;; ->>HEADER<<-  status: NOERROR, id: 26
;; flags: aa 
;; ANSWER: 2

;; ANSWER SECTION: 
.birdhouseskateboards.com    15.197.142.173
.birdhouseskateboards.com    3.33.152.147
;; Time: 493ms
493

 <-> soulboundstudios.com <->
;; ->>HEADER<<-  status: NOERROR, id: 10
;; flags: aa 
;; ANSWER: 3

;; ANSWER SECTION: 
.soulboundstudios.com    104.26.10.71
.soulboundstudios.com    104.26.11.71
.soulboundstudios.com    172.67.68.30
;; Time: 296ms
296

 <-> forstamps.ru <->
;; ->>HEADER<<-  status: NOERROR, id: 10
;; flags: aa 
;; ANSWER: 1

;; ANSWER SECTION: 
.forstamps.ru    212.224.112.73
;; Time: 1055ms
1055

 <-> oak.go.kr <->
;; ->>HEADER<<-  status: Error, id: 145
;; flags: aa 
;; ANSWER: 1

;; ANSWER SECTION: 
k.go.kr......oak.go.kr    124.137.58.137
;; Time: 718ms
718

 <-> inidhu.com <->
;; ->>HEADER<<-  status: NOERROR, id: 232
;; flags: aa 
;; ANSWER: 1

;; ANSWER SECTION: 
.inidhu.com    159.65.156.120
;; Time: 504ms
504

 <-> nigrizia.it <->
;; ->>HEADER<<-  status: NOERROR, id: 8
;; flags: aa 
;; ANSWER: 1

;; ANSWER SECTION: 
.nigrizia.it    195.231.66.243
;; Time: 1060ms
1060

 <-> whastapp.com <->
;; ->>HEADER<<-  status: NOERROR, id: 179
;; flags: aa 
;; ANSWER: 1

;; ANSWER SECTION: 
.whastapp.com    103.224.212.243
;; Time: 454ms
454

 <-> vitadigest.com <->
;; ->>HEADER<<-  status: NOERROR, id: 193
;; flags: aa 
;; ANSWER: 2

;; ANSWER SECTION: 
.vitadigest.com    52.4.160.184
.vitadigest.com    52.204.244.237
;; Time: 520ms
520

 <-> nierautomata.xyz <->
;; ->>HEADER<<-  status: NOERROR, id: 241
;; flags: aa 
;; ANSWER: 1

;; ANSWER SECTION: 
.nierautomata.xyz    103.115.191.221
;; Time: 434ms
434

 <-> protelescope.com <->
;; ->>HEADER<<-  status: NOERROR, id: 178
;; flags: aa 
;; ANSWER: 1

;; ANSWER SECTION: 
.protelescope.com    209.126.18.21
;; Time: 309ms
309

 <-> tbgym.com <->
;; ->>HEADER<<-  status: NOERROR, id: 90
;; flags: aa 
;; ANSWER: 1

;; ANSWER SECTION: 
.tbgym.com    185.78.22.104
;; Time: 583ms
583

 <-> ezmls.com <->
;; ->>HEADER<<-  status: NOERROR, id: 219
;; flags: aa 
;; ANSWER: 3

;; ANSWER SECTION: 
.ezmls.com    172.67.75.126
.ezmls.com    104.26.9.221
.ezmls.com    104.26.8.221
;; Time: 298ms
298

 <-> ohioswallow.com <->
;; ->>HEADER<<-  status: NOERROR, id: 170
;; flags: aa 
;; ANSWER: 1

;; ANSWER SECTION: 
.ohioswallow.com    52.2.1.86
;; Time: 444ms
444

 <-> webcam-weather.eu <->
;; ->>HEADER<<-  status: NOERROR, id: 43
;; flags: aa 
;; ANSWER: 1

;; ANSWER SECTION: 
.webcam-weather.eu    199.59.243.224
;; Time: 1347ms
1347

 <-> mbus.co.za <->
;; ->>HEADER<<-  status: NOERROR, id: 251
;; flags: aa 
;; ANSWER: 1

;; ANSWER SECTION: 
.mbus.co.za    129.232.216.34
;; Time: 808ms
808

 <-> spud.com <->
;; ->>HEADER<<-  status: NOERROR, id: 59
;; flags: aa 
;; ANSWER: 2

;; ANSWER SECTION: 
.spud.com    104.18.16.31
.spud.com    104.18.17.31
;; Time: 294ms
294

 <-> agiletesters.com.br <->
;; ->>HEADER<<-  status: NOERROR, id: 43
;; flags: aa 
;; ANSWER: 1

;; ANSWER SECTION: 
.agiletesters.com.br    139.59.232.1
;; Time: 1013ms
1013

 <-> greenwichpeninsulagolfrange.com <->
;; ->>HEADER<<-  status: NOERROR, id: 1
;; flags: aa 
;; ANSWER: 2

;; ANSWER SECTION: 
.greenwichpeninsulagolfrange.com    104.21.13.80
.greenwichpeninsulagolfrange.com    172.67.198.210
;; Time: 292ms
292

 <-> premiercadeau.com <->
;; ->>HEADER<<-  status: NOERROR, id: 122
;; flags: aa 
;; ANSWER: 1

;; ANSWER SECTION: 
.premiercadeau.com    51.68.37.182
;; Time: 1161ms
1161

 <-> interviewkiller.com <->
;; ->>HEADER<<-  status: NOERROR, id: 109
;; flags: aa 
;; ANSWER: 1

;; ANSWER SECTION: 
.interviewkiller.com    128.199.207.210
;; Time: 498ms
498

 <-> mediaonegroup.ch <->
;; ->>HEADER<<-  status: NOERROR, id: 178
;; flags: aa 
;; ANSWER: 1

;; ANSWER SECTION: 
.mediaonegroup.ch    195.15.220.28
;; Time: 1454ms
1454

 <-> app12345.com <->
;; ->>HEADER<<-  status: NOERROR, id: 191
;; flags: aa 
;; ANSWER: 1

;; ANSWER SECTION: 
.app12345.com    23.91.98.190
;; Time: 627ms
627

 <-> itslb.com <->
;; ->>HEADER<<-  status: NOERROR, id: 161
;; flags: aa 
;; ANSWER: 2

;; ANSWER SECTION: 
.itslb.com    104.18.17.166
.itslb.com    104.18.16.166
;; Time: 300ms
300

 <-> cyb114.com <->
;; ->>HEADER<<-  status: NOERROR, id: 106
;; flags: aa 
;; ANSWER: 1

;; ANSWER SECTION: 
.cyb114.com    164.155.156.137
;; Time: 438ms
438

 <-> deerantlerplus.com <->
;; ->>HEADER<<-  status: NOERROR, id: 71
;; flags: aa 
;; ANSWER: 1

;; ANSWER SECTION: 
.deerantlerplus.com    54.185.153.239
;; Time: 290ms
290

 <-> winds-score.com <->
;; ->>HEADER<<-  status: NOERROR, id: 101
;; flags: aa 
;; ANSWER: 1

;; ANSWER SECTION: 
.winds-score.com    23.227.38.65
;; Time: 292ms
292

 <-> mobilecitywireless.com <->
;; ->>HEADER<<-  status: NOERROR, id: 189
;; flags: aa 
;; ANSWER: 1

;; ANSWER SECTION: 
.mobilecitywireless.com    209.222.21.139
;; Time: 465ms
465

 <-> hebamme4u.net <->
;; ->>HEADER<<-  status: NOERROR, id: 99
;; flags: aa 
;; ANSWER: 1

;; ANSWER SECTION: 
.hebamme4u.net    85.13.145.201
;; Time: 1203ms
1203

 <-> wifepornpics.com <->
;; ->>HEADER<<-  status: NOERROR, id: 225
;; flags: aa 
;; ANSWER: 1

;; ANSWER SECTION: 
.wifepornpics.com    54.39.16.2
;; Time: 880ms
880

 <-> 6-6-w.com <->
;; ->>HEADER<<-  status: NOERROR, id: 114
;; flags: aa 
;; ANSWER: 1

;; ANSWER SECTION: 
.6-6-w.com    154.216.45.14
;; Time: 444ms
444

 <-> i--gu.ru <->
;; ->>HEADER<<-  status: NOERROR, id: 254
;; flags: aa 
;; ANSWER: 1

;; ANSWER SECTION: 
.i--gu.ru    185.9.147.250
;; Time: 2206ms
2206

 <-> sveza.ru <->
;; ->>HEADER<<-  status: NOERROR, id: 144
;; flags: aa 
;; ANSWER: 1

;; ANSWER SECTION: 
.sveza.ru    130.193.40.9
;; Time: 1442ms
1442

 <-> aniq.org.mx <->
;; ->>HEADER<<-  status: Error, id: 107
;; flags: aa 
;; ANSWER: 2

;; ANSWER SECTION: 
.aniq.org.mx    148.244.211.129
.aniq.org.mx    148.244.211.136
;; Time: 5731ms
5731

 <-> whamisa.de <->
;; ->>HEADER<<-  status: NOERROR, id: 85
;; flags: aa 
;; ANSWER: 1

;; ANSWER SECTION: 
.whamisa.de    23.227.38.65
;; Time: 1186ms
1186

 <-> longsnake88.com <->
;; ->>HEADER<<-  status: NOERROR, id: 127
;; flags: aa 
;; ANSWER: 1

;; ANSWER SECTION: 
.longsnake88.com    35.187.249.114
;; Time: 294ms
294

 <-> studnet.net.ua <->
;; ->>HEADER<<-  status: NOERROR, id: 30
;; flags: aa 
 <-> creditservice.su <->
;; ->>HEADER<<-  status: NOERROR, id: 160
;; flags: aa 
;; ANSWER: 1

;; ANSWER SECTION: 

;; ANSWER: 1

;; ANSWER SECTION: 
.studnet.net.ua    193.106.60.163
.creditservice.su    80.87.96.19
;; Time: 1735ms
1735
;; Time: 1334ms
1334

 <-> hardbase.fm <->
;; ->>HEADER<<-  status: NOERROR, id: 114
;; flags: aa 
;; ANSWER: 1

;; ANSWER SECTION: 
.hardbase.fm    178.162.200.24
;; Time: 920ms
920

 <-> skia.org <->
;; ->>HEADER<<-  status: NOERROR, id: 88
;; flags: aa 
;; ANSWER: 1

;; ANSWER SECTION: 
.skia.org    35.201.76.220
;; Time: 767ms
767

 <-> smartouch.no-ip.info <->
;; ->>HEADER<<-  status: NOERROR, id: 137
;; flags: aa 
;; ANSWER: 1

;; ANSWER SECTION: 
.smartouch.no-ip.info    118.200.85.89
;; Time: 917ms
917

 <-> blackeyedpeas.com <->
;; ->>HEADER<<-  status: NOERROR, id: 237
;; flags: aa 
;; ANSWER: 2

;; ANSWER SECTION: 
.blackeyedpeas.com    104.18.11.44
.blackeyedpeas.com    104.18.10.44
;; Time: 579ms
579

 <-> exotic-erotics.com <->
;; ->>HEADER<<-  status: NOERROR, id: 72
;; flags: aa 
;; ANSWER: 1

;; ANSWER SECTION: 
.exotic-erotics.com    107.180.21.23
;; Time: 489ms
489

 <-> gimnastikasport.ru <->
;; ->>HEADER<<-  status: NOERROR, id: 180
;; flags: aa 
;; ANSWER: 1

;; ANSWER SECTION: 
.gimnastikasport.ru    45.130.41.29
;; Time: 1456ms
1456

 <-> screwsandmore.de <->
;; ->>HEADER<<-  status: NOERROR, id: 156
;; flags: aa 
;; ANSWER: 2

;; ANSWER SECTION: 
.screwsandmore.de    104.21.21.97
.screwsandmore.de    172.67.197.168
;; Time: 756ms
756

 <-> booyakashaa.com <->
;; ->>HEADER<<-  status: NOERROR, id: 247
;; flags: aa 
;; ANSWER: 1

;; ANSWER SECTION: 
.booyakashaa.com    34.98.99.30
;; Time: 509ms
509

 <-> vse-kursy.by <->
;; ->>HEADER<<-  status: NOERROR, id: 119
;; flags: aa 
;; ANSWER: 1

;; ANSWER SECTION: 
.vse-kursy.by    185.65.137.164
;; Time: 1429ms
1429

 <-> gmflymedia.com <->
;; ->>HEADER<<-  status: NOERROR, id: 254
;; flags: aa 
;; ANSWER: 1

;; ANSWER SECTION: 
gmflymedia.com.    traff-6.hugedomains.com.
;; Time: 1052ms
1052

 <-> dcmosquitosquad.com <->
;; ->>HEADER<<-  status: NOERROR, id: 108
;; flags: aa 
;; ANSWER: 2

;; ANSWER SECTION: 
.dcmosquitosquad.com    3.33.130.190
.dcmosquitosquad.com    15.197.148.33
;; Time: 504ms
504

 <-> dewalt.com.mx <->
;; ->>HEADER<<-  status: NOERROR, id: 215
;; flags: aa 
;; ANSWER: 1

;; ANSWER SECTION: 
.dewalt.com.mx    209.235.249.204
;; Time: 1139ms
1139

 <-> uchinghd.blogspot.in <->
;; ->>HEADER<<-  status: NOERROR, id: 204
;; flags: aa 
;; ANSWER: 2

;; ANSWER SECTION: 
.uchinghd.blogspot.in    blogspot.l.googleusercontent.com.
.blogspot.l.googleusercontent.com    142.250.66.193
;; Time: 849ms
849

 <-> nonburari.jp <->
;; ->>HEADER<<-  status: NOERROR, id: 243
;; flags: aa 
;; ANSWER: 1

;; ANSWER SECTION: 
.nonburari.jp    66.29.137.43
;; Time: 617ms
617

 <-> civ-wiki.de <->
;; ->>HEADER<<-  status: NOERROR, id: 152
;; flags: aa 
;; ANSWER: 1

;; ANSWER SECTION: 
.civ-wiki.de    148.251.47.86
;; Time: 1513ms
1513

 <-> govco.co <->
;; ->>HEADER<<-  status: NOERROR, id: 221
;; flags: aa 
;; ANSWER: 1

;; ANSWER SECTION: 
.govco.co    216.246.112.149
;; Time: 662ms
662

 <-> 51surfing.cn <->
;; ->>HEADER<<-  status: NOERROR, id: 244
;; flags: aa 
;; ANSWER: 1

;; ANSWER SECTION: 
.51surfing.cn    23.27.40.76
;; Time: 1054ms
1054

 <-> howardpianoindustries.com <->

 <-> orsiitaliani.com <->
;; ->>HEADER<<-  status: NOERROR, id: 41
;; flags: aa ;; ->>HEADER<<-  status: NOERROR, id: 219
;; flags: aa 
;; ANSWER: 1

;; ANSWER SECTION: 

;; ANSWER: 1

;; ANSWER SECTION: 

 <-> ponyturf.free.fr <->
;; ->>HEADER<<-  status: NOERROR, id: 214
;; flags: aa .howardpianoindustries.com    63.141.128.8

;; ANSWER: 2

;; ANSWER SECTION: 
.orsiitaliani.com    96.56.114.26
;; Time: 301ms
301
;; Time: 5975ms
5975
.ponyturf.free.fr    perso133-g5free.fr.
.perso133-g5.free.fr    212.27.63.133
;; Time: 710ms
710

 <-> ifps.org.pl <->
;; ->>HEADER<<-  status: NOERROR, id: 41
;; flags: aa 
;; ANSWER: 1

;; ANSWER SECTION: 
.ifps.org.pl    79.96.76.30
;; Time: 1278ms
1278

 <-> anteprojectos.com.pt <->
;; ->>HEADER<<-  status: NOERROR, id: 234
;; flags: aa 
;; ANSWER: 2

;; ANSWER SECTION: 
.anteprojectos.com.pt    172.67.198.122
.anteprojectos.com.pt    104.21.50.2
;; Time: 427ms
427

 <-> pitbook.com <->
;; ->>HEADER<<-  status: NOERROR, id: 47
;; flags: aa 
;; ANSWER: 1

;; ANSWER SECTION: 
.pitbook.com    209.44.107.82
;; Time: 1021ms
1021

 <-> handsfreelink.com <->
;; ->>HEADER<<-  status: NOERROR, id: 77
;; flags: aa 
;; ANSWER: 1

;; ANSWER SECTION: 
.handsfreelink.com    52.204.240.107
;; Time: 446ms
446

 <-> love17789.tumblr.com <->
;; ->>HEADER<<-  status: NOERROR, id: 153
;; flags: aa 
;; ANSWER: 2

;; ANSWER SECTION: 
.love17789.tumblr.com    74.114.154.22
.love17789.tumblr.com    74.114.154.18
;; Time: 301ms
301

 <-> brivis.com.au <->
;; ->>HEADER<<-  status: NOERROR, id: 203
;; flags: aa 
;; ANSWER: 3

;; ANSWER SECTION: 
.brivis.com.au    172.67.40.39
.brivis.com.au    104.22.57.232
.brivis.com.au    104.22.56.232
;; Time: 444ms
444

 <-> webmaster.net.pl <->
;; ->>HEADER<<-  status: NOERROR, id: 62
;; flags: aa 
;; ANSWER: 1

;; ANSWER SECTION: 
.webmaster.net.pl    94.152.8.21
;; Time: 1203ms
1203

 <-> bisnishack.com <->
;; ->>HEADER<<-  status: NOERROR, id: 47
;; flags: aa 
;; ANSWER: 1

;; ANSWER SECTION: 
.bisnishack.com    203.175.8.91
;; Time: 446ms
446

 <-> ifsanimal.com <->
;; ->>HEADER<<-  status: NOERROR, id: 107
;; flags: aa 
;; ANSWER: 1

;; ANSWER SECTION: 
.ifsanimal.com    217.70.184.55
;; Time: 857ms
857

 <-> scryptmail.com <->
;; ->>HEADER<<-  status: NOERROR, id: 172
;; flags: aa 
;; ANSWER: 1

;; ANSWER SECTION: 
.scryptmail.com    137.74.4.204
;; Time: 510ms
510

 <-> hackadoll-anime.com <->
;; ->>HEADER<<-  status: NOERROR, id: 7
;; flags: aa 
;; ANSWER: 4

;; ANSWER SECTION: 
.hackadoll-anime.com    18.67.111.32
.hackadoll-anime.com    18.67.111.33
.hackadoll-anime.com    18.67.111.70
.hackadoll-anime.com    18.67.111.58
;; Time: 454ms
454

 <-> hamradio.net.gr <->
;; ->>HEADER<<-  status: NOERROR, id: 3
;; flags: aa 
;; ANSWER: 1

;; ANSWER SECTION: 
.hamradio.net.gr    138.201.16.133
;; Time: 1281ms
1281

 <-> pakistanaffairs.pk <->
;; ->>HEADER<<-  status: NOERROR, id: 31
;; flags: aa 
;; ANSWER: 1

;; ANSWER SECTION: 
.pakistanaffairs.pk    191.101.228.154
;; Time: 625ms
625

 <-> handbalinside.nl <->
;; ->>HEADER<<-  status: NOERROR, id: 165
;; flags: aa 
;; ANSWER: 1

;; ANSWER SECTION: 
.handbalinside.nl    46.30.213.60
;; Time: 1594ms
1594

 <-> lntebg.com <->
;; ->>HEADER<<-  status: NOERROR, id: 63
;; flags: aa 
;; ANSWER: 1

;; ANSWER SECTION: 
.lntebg.com    125.18.115.47
;; Time: 563ms
563

 <-> paktimes.pk <->
;; ->>HEADER<<-  status: NOERROR, id: 68
;; flags: aa 
;; ANSWER: 1

;; ANSWER SECTION: 
.paktimes.pk    185.151.30.185
;; Time: 981ms
981

 <-> funnydogsite.com <->
;; ->>HEADER<<-  status: NOERROR, id: 162
;; flags: aa 
;; ANSWER: 2

;; ANSWER SECTION: 
.funnydogsite.com    172.67.203.198
.funnydogsite.com    104.21.22.91
;; Time: 292ms
292

 <-> vpsforex.ru <->
;; ->>HEADER<<-  status: NOERROR, id: 54
;; flags: aa 
;; ANSWER: 2

;; ANSWER SECTION: 
.vpsforex.ru    104.21.37.136
.vpsforex.ru    172.67.208.105
;; Time: 753ms
753

 <-> jsise.org <->
;; ->>HEADER<<-  status: NOERROR, id: 188
;; flags: aa 
;; ANSWER: 1

;; ANSWER SECTION: 
.jsise.org    183.181.86.14
;; Time: 970ms
970

 <-> edugroupe.com <->
;; ->>HEADER<<-  status: NOERROR, id: 57
;; flags: aa 
;; ANSWER: 1

;; ANSWER SECTION: 
.edugroupe.com    54.36.91.62
;; Time: 1163ms
1163

 <-> 12voltdata.com <->
;; ->>HEADER<<-  status: NOERROR, id: 241
;; flags: aa 
;; ANSWER: 1

;; ANSWER SECTION: 
.12voltdata.com    174.127.110.49
;; Time: 486ms
486

 <-> sarov.ru <->
;; ->>HEADER<<-  status: NOERROR, id: 189
;; flags: aa 
;; ANSWER: 1

;; ANSWER SECTION: 
.sarov.ru    178.208.83.31
;; Time: 808ms
808

 <-> odishabuzz.com <->
;; ->>HEADER<<-  status: NOERROR, id: 39
;; flags: aa 
;; ANSWER: 1

;; ANSWER SECTION: 
.odishabuzz.com    103.90.241.91
;; Time: 1764ms
1764

 <-> dealersuite.com <->
;; ->>HEADER<<-  status: NOERROR, id: 121
;; flags: aa 
;; ANSWER: 1

;; ANSWER SECTION: 
.dealersuite.com    207.186.148.133
;; Time: 574ms
574

 <-> coindsk.com <->
;; ->>HEADER<<-  status: NOERROR, id: 153
;; flags: aa 
;; ANSWER: 1

;; ANSWER SECTION: 
.coindsk.com    155.159.183.58
;; Time: 438ms
438

 <-> geronimo.it <->
;; ->>HEADER<<-  status: NOERROR, id: 26
;; flags: aa 
;; ANSWER: 4

;; ANSWER SECTION: 
.geronimo.it    62.149.128.157
.geronimo.it    62.149.128.151
.geronimo.it    62.149.128.160
.geronimo.it    80.211.141.117
;; Time: 2083ms
2083

 <-> h5datacenters.com <->
;; ->>HEADER<<-  status: NOERROR, id: 208
;; flags: aa 
;; ANSWER: 1

;; ANSWER SECTION: 
.h5datacenters.com    107.180.41.245
;; Time: 497ms
497

 <-> arsus.jp <->
;; ->>HEADER<<-  status: NOERROR, id: 75
;; flags: aa 
;; ANSWER: 1

;; ANSWER SECTION: 
.arsus.jp    160.16.176.251
;; Time: 442ms
442

 <-> costatic.com <->
;; ->>HEADER<<-  status: NOERROR, id: 18
;; flags: aa 
;; ANSWER: 1

;; ANSWER SECTION: 
.costatic.com    37.187.86.129
;; Time: 631ms
631

 <-> playzo.de <->
;; ->>HEADER<<-  status: NOERROR, id: 65
;; flags: aa 
;; ANSWER: 1

;; ANSWER SECTION: 
.playzo.de    46.252.24.12
;; Time: 780ms
780

 <-> midtownatl.com <->
;; ->>HEADER<<-  status: NOERROR, id: 112
;; flags: aa 
;; ANSWER: 1

;; ANSWER SECTION: 
.midtownatl.com    76.223.90.0
;; Time: 501ms
501

 <-> ones-style.jp <->
;; ->>HEADER<<-  status: NOERROR, id: 48
;; flags: aa 
;; ANSWER: 1

;; ANSWER SECTION: 
.ones-style.jp    153.127.56.66
;; Time: 433ms
433

 <-> charpente-total-bricoleurs.wifeo.com <->
;; ->>HEADER<<-  status: NOERROR, id: 228
;; flags: aa 
;; ANSWER: 2

;; ANSWER SECTION: 
arpente-total-bricoleurs.wifeo.com......charpente-total-bricoleurs.wifeo.com    wifeo.com.
.wifeo.com    194.146.225.153
;; Time: 579ms
579

 <-> vocabolaudio.com <->
;; ->>HEADER<<-  status: NOERROR, id: 102
;; flags: aa 
;; ANSWER: 1

;; ANSWER SECTION: 
.vocabolaudio.com    66.198.240.12
;; Time: 450ms
450

 <-> turboentrada.com <->
;; ->>HEADER<<-  status: NOERROR, id: 53
;; flags: aa 
;; ANSWER: 4

;; ANSWER SECTION: 
.turboentrada.com    65.8.164.85
.turboentrada.com    65.8.164.91
.turboentrada.com    65.8.164.95
.turboentrada.com    65.8.164.105
;; Time: 497ms
497

 <-> nargil.org <->
;; ->>HEADER<<-  status: NOERROR, id: 50
;; flags: aa 
;; ANSWER: 1

;; ANSWER SECTION: 
.nargil.org    192.151.145.202
;; Time: 481ms
481

 <-> gotvarstvo.bg <->
;; ->>HEADER<<-  status: NOERROR, id: 87
;; flags: aa 
;; ANSWER: 1

;; ANSWER SECTION: 
.gotvarstvo.bg    79.98.109.204
;; Time: 814ms
814

 <-> hyipcom.com <->
;; ->>HEADER<<-  status: NOERROR, id: 150
;; flags: aa 
;; ANSWER: 1

;; ANSWER SECTION: 
.hyipcom.com    54.229.14.116
;; Time: 562ms
562

 <-> pilkey.com <->
;; ->>HEADER<<-  status: NOERROR, id: 36
;; flags: aa 
;; ANSWER: 2

;; ANSWER SECTION: 
.pilkey.com    104.21.70.63
.pilkey.com    172.67.220.171
;; Time: 292ms
292

 <-> xn--b1ahhahznja9a.xn--p1ai <->
;; ->>HEADER<<-  status: NOERROR, id: 214
;; flags: aa 
;; ANSWER: 1

;; ANSWER SECTION: 
.xn--b1ahhahznja9a.xn--p1ai    77.222.40.66
;; Time: 1691ms
1691

 <-> brokenpaintbrush.com <->
;; ->>HEADER<<-  status: NOERROR, id: 107
;; flags: aa 
;; ANSWER: 1

;; ANSWER SECTION: 
.brokenpaintbrush.com    107.180.252.204
;; Time: 500ms
500

 <-> guerciotti.it <->
;; ->>HEADER<<-  status: NOERROR, id: 214
;; flags: aa 
;; ANSWER: 1

;; ANSWER SECTION: 
.guerciotti.it    86.107.32.79
;; Time: 664ms
664

 <-> djembefola.com <->
;; ->>HEADER<<-  status: NOERROR, id: 119
;; flags: aa 
;; ANSWER: 1

;; ANSWER SECTION: 
.djembefola.com    1.1.1.1
;; Time: 386ms
386

 <-> 21474.tumblr.com <->
;; ->>HEADER<<-  status: NOERROR, id: 85
;; flags: aa 
;; ANSWER: 2

;; ANSWER SECTION: 
.21474.tumblr.com    74.114.154.18
.21474.tumblr.com    74.114.154.22
;; Time: 289ms
289

 <-> eliquidmania.com <->
;; ->>HEADER<<-  status: NOERROR, id: 28
;; flags: aa 
;; ANSWER: 1

;; ANSWER SECTION: 
.eliquidmania.com    185.87.249.19
;; Time: 441ms
441

 <-> apasionadadelasredessociales.wordpress.com <->
;; ->>HEADER<<-  status: NOERROR, id: 113
;; flags: aa 
;; ANSWER: 3

;; ANSWER SECTION: 
.apasionadadelasredessociales.wordpress.com    lbwordpress.com.
.lb.wordpress.com    192.0.78.12
.lb.wordpress.com    192.0.78.13
;; Time: 294ms
294

 <-> vomit3d.com.br <->
;; ->>HEADER<<-  status: NOERROR, id: 89
;; flags: aa 
;; ANSWER: 3

;; ANSWER SECTION: 
.vomit3d.com.br    52.5.157.71
.vomit3d.com.br    52.200.197.31
.vomit3d.com.br    52.206.238.9
;; Time: 1035ms
1035

 <-> megacriativo.com <->
;; ->>HEADER<<-  status: NOERROR, id: 220
;; flags: aa 
;; ANSWER: 2

;; ANSWER SECTION: 
.megacriativo.com    172.67.220.176
.megacriativo.com    104.21.70.67
;; Time: 294ms
294

 <-> oaa-accessibility.org <->
;; ->>HEADER<<-  status: NOERROR, id: 216
;; flags: aa 
;; ANSWER: 2

;; ANSWER SECTION: 
.oaa-accessibility.org    172.67.168.78
.oaa-accessibility.org    104.21.94.135
;; Time: 580ms
580

 <-> briansclub.at <->
;; ->>HEADER<<-  status: NOERROR, id: 205
;; flags: aa 
;; ANSWER: 1

;; ANSWER SECTION: 
.briansclub.at    199.59.243.224
;; Time: 728ms
728

 <-> lime-mortars.co.uk <->
;; ->>HEADER<<-  status: NOERROR, id: 197
;; flags: aa 
;; ANSWER: 1

;; ANSWER SECTION: 
.lime-mortars.co.uk    51.140.50.31
;; Time: 1120ms
1120

 <-> moritz.com <->
;; ->>HEADER<<-  status: NOERROR, id: 224
;; flags: aa 
;; ANSWER: 1

;; ANSWER SECTION: 
.moritz.com    89.140.165.185
;; Time: 1220ms
1220

 <-> kellenams.com <->
;; ->>HEADER<<-  status: NOERROR, id: 242
;; flags: aa 
;; ANSWER: 1

;; ANSWER SECTION: 
.kellenams.com    64.47.103.230
;; Time: 292ms
292

 <-> cue-products.com <->
;; ->>HEADER<<-  status: NOERROR, id: 22
;; flags: aa 
;; ANSWER: 1

;; ANSWER SECTION: 
.cue-products.com    110.50.93.247
;; Time: 1180ms
1180

 <-> may-press.com <->
;; ->>HEADER<<-  status: NOERROR, id: 82
;; flags: aa 
;; ANSWER: 1

;; ANSWER SECTION: 
.may-press.com    150.60.156.156
;; Time: 1157ms
1157

 <-> privilegesletters.com <->
;; ->>HEADER<<-  status: NOERROR, id: 79
;; flags: aa 
;; ANSWER: 2

;; ANSWER SECTION: 
.privilegesletters.com    54.177.5.212
.privilegesletters.com    18.144.110.130
;; Time: 294ms
294

 <-> sodomized.info <->
;; ->>HEADER<<-  status: NOERROR, id: 55
;; flags: aa 
;; ANSWER: 1

;; ANSWER SECTION: 
.sodomized.info    85.13.143.6
;; Time: 1037ms
1037

 <-> tnfactorydirect.com <->
;; ->>HEADER<<-  status: NOERROR, id: 97
;; flags: aa 
;; ANSWER: 1

;; ANSWER SECTION: 
.tnfactorydirect.com    12.205.7.145
;; Time: 495ms
495

 <-> intras.fr <->
;; ->>HEADER<<-  status: NOERROR, id: 253
;; flags: aa 
;; ANSWER: 1

;; ANSWER SECTION: 
.intras.fr    185.246.47.84
;; Time: 1278ms
1278

 <-> midlandchandlers.co.uk <->
;; ->>HEADER<<-  status: NOERROR, id: 210
;; flags: aa 
;; ANSWER: 2

;; ANSWER SECTION: 
.midlandchandlers.co.uk    52.31.50.233
.midlandchandlers.co.uk    54.77.204.220
;; Time: 817ms
817

 <-> ohueli.net <->
;; ->>HEADER<<-  status: NOERROR, id: 232
;; flags: aa 
;; ANSWER: 1

;; ANSWER SECTION: 
.ohueli.net    104.193.252.238
;; Time: 1154ms
1154

 <-> xn--h1aagpbh6b.xn--p1ai <->
;; ->>HEADER<<-  status: NOERROR, id: 12
;; flags: aa 
;; ANSWER: 2

;; ANSWER SECTION: 
.xn--h1aagpbh6b.xn--p1ai    172.67.151.235
.xn--h1aagpbh6b.xn--p1ai    104.21.12.81
;; Time: 860ms
860

 <-> dosbrains.com <->
;; ->>HEADER<<-  status: NOERROR, id: 23
;; flags: aa 
;; ANSWER: 4

;; ANSWER SECTION: 
.dosbrains.com    198.49.23.145
.dosbrains.com    198.185.159.144
.dosbrains.com    198.185.159.145
.dosbrains.com    198.49.23.144
;; Time: 385ms
385

 <-> fiatpandaclub.nl <->
;; ->>HEADER<<-  status: NOERROR, id: 242
;; flags: aa 
;; ANSWER: 1

;; ANSWER SECTION: 
.fiatpandaclub.nl    185.135.241.18
;; Time: 865ms
865

 <-> litsoft.com.cn <->
;; ->>HEADER<<-  status: NOERROR, id: 102
;; flags: aa 
;; ANSWER: 1

;; ANSWER SECTION: 
.litsoft.com.cn    47.94.228.95
;; Time: 1258ms
1258

 <-> cameraneon.com <->
;; ->>HEADER<<-  status: NOERROR, id: 220
;; flags: aa 
;; ANSWER: 1

;; ANSWER SECTION: 
.cameraneon.com    107.180.4.62
;; Time: 493ms
493

 <-> eshcosazehgostar.com <->
;; ->>HEADER<<-  status: NOERROR, id: 207
;; flags: aa 
;; ANSWER: 1

;; ANSWER SECTION: 
.eshcosazehgostar.com    144.76.164.142
;; Time: 1188ms
1188

 <-> adiosatujefe.com <->
;; ->>HEADER<<-  status: NOERROR, id: 83
;; flags: aa 
;; ANSWER: 1

;; ANSWER SECTION: 
.adiosatujefe.com    35.215.119.247
;; Time: 957ms
957

 <-> casalprocuracasal.com <->
;; ->>HEADER<<-  status: NOERROR, id: 107
;; flags: aa 
;; ANSWER: 2

;; ANSWER SECTION: 
.casalprocuracasal.com    172.67.154.85
.casalprocuracasal.com    104.21.48.161
;; Time: 303ms
303

 <-> messages.fr <->
;; ->>HEADER<<-  status: NOERROR, id: 157
;; flags: aa 
;; ANSWER: 1

;; ANSWER SECTION: 
.messages.fr    213.186.33.5
;; Time: 1293ms
1293

 <-> bhagwati.org <->
;; ->>HEADER<<-  status: NOERROR, id: 41
;; flags: aa 
;; ANSWER: 1

;; ANSWER SECTION: 
.bhagwati.org    50.87.136.197
;; Time: 678ms
678

 <-> dkilbo.com <->
;; ->>HEADER<<-  status: NOERROR, id: 139
;; flags: aa 
;; ANSWER: 1

;; ANSWER SECTION: 
.dkilbo.com    49.50.174.213
;; Time: 614ms
614

 <-> chujnia.pl <->
;; ->>HEADER<<-  status: NOERROR, id: 37
;; flags: aa 
;; ANSWER: 1

;; ANSWER SECTION: 
.chujnia.pl    31.170.164.200
;; Time: 917ms
917

 <-> harikesanallur.com <->
;; ->>HEADER<<-  status: NOERROR, id: 39
;; flags: aa 
;; ANSWER: 1

;; ANSWER SECTION: 
.harikesanallur.com    103.14.121.181
;; Time: 1073ms
1073

 <-> sextube.space <->
;; ->>HEADER<<-  status: NOERROR, id: 21
;; flags: aa 
;; ANSWER: 1

;; ANSWER SECTION: 
.sextube.space    50.28.32.8
;; Time: 883ms
883

 <-> quantummachinerygroup.com <->
;; ->>HEADER<<-  status: NOERROR, id: 101
;; flags: aa 
;; ANSWER: 4

;; ANSWER SECTION: 
.quantummachinerygroup.com    198.49.23.144
.quantummachinerygroup.com    198.185.159.144
.quantummachinerygroup.com    198.185.159.145
.quantummachinerygroup.com    198.49.23.145
;; Time: 535ms
535

 <-> 59gg.cc <->
;; ->>HEADER<<-  status: NOERROR, id: 134
;; flags: aa 
;; ANSWER: 12

;; ANSWER SECTION: 
.59gg.cc    45.56.79.23
.59gg.cc    198.58.118.167
.59gg.cc    45.33.23.183
.59gg.cc    96.126.123.244
.59gg.cc    45.79.19.196
.59gg.cc    45.33.2.79
.59gg.cc    173.255.194.134
.59gg.cc    72.14.185.43
.59gg.cc    45.33.18.44
.59gg.cc    45.33.30.197
.59gg.cc    72.14.178.174
.59gg.cc    45.33.20.235
;; Time: 960ms
960

 <-> guamjobsonline.com <->
;; ->>HEADER<<-  status: NOERROR, id: 135
;; flags: aa 
;; ANSWER: 1

;; ANSWER SECTION: 
.guamjobsonline.com    63.249.66.242
;; Time: 449ms
449

 <-> netseenergy.fr <->
;; ->>HEADER<<-  status: NOERROR, id: 25
;; flags: aa 
;; ANSWER: 2

;; ANSWER SECTION: 
.netseenergy.fr    213.36.252.182
.netseenergy.fr    213.36.252.183
;; Time: 1876ms
1876

 <-> rpcmp.ru <->
;; ->>HEADER<<-  status: NOERROR, id: 85
;; flags: aa 
;; ANSWER: 1

;; ANSWER SECTION: 
.rpcmp.ru    23.236.62.147
;; Time: 754ms
754

 <-> wrprates.com <->
;; ->>HEADER<<-  status: NOERROR, id: 5
;; flags: aa 
;; ANSWER: 1

;; ANSWER SECTION: 
.wrprates.com    162.241.2.20
;; Time: 1184ms
1184

 <-> mariohugo.com <->
;; ->>HEADER<<-  status: NOERROR, id: 22
;; flags: aa 
;; ANSWER: 1

;; ANSWER SECTION: 
.mariohugo.com    104.198.98.231
;; Time: 927ms
927

 <-> cpni.gov.uk <->
;; ->>HEADER<<-  status: NOERROR, id: 32
;; flags: aa 
;; ANSWER: 3

;; ANSWER SECTION: 
.cpni.gov.uk    172.67.7.103
.cpni.gov.uk    104.22.46.71
.cpni.gov.uk    104.22.47.71
;; Time: 1579ms
1579

 <-> tetley.co.uk <->
;; ->>HEADER<<-  status: NOERROR, id: 155
;; flags: aa 
;; ANSWER: 2

;; ANSWER SECTION: 
.tetley.co.uk    45.60.79.5
.tetley.co.uk    45.60.76.5
;; Time: 1002ms
1002

 <-> radioswhplus.lv <->
;; ->>HEADER<<-  status: NOERROR, id: 128
;; flags: aa 
;; ANSWER: 1

;; ANSWER SECTION: 
.radioswhplus.lv    87.110.219.34
;; Time: 781ms
781

 <-> adres-ip.pl <->
;; ->>HEADER<<-  status: NOERROR, id: 203
;; flags: aa 
;; ANSWER: 1

;; ANSWER SECTION: 
.adres-ip.pl    51.195.123.67
;; Time: 1320ms
1320

 <-> adcrescendo.com <->
;; ->>HEADER<<-  status: NOERROR, id: 165
;; flags: aa 
;; ANSWER: 1

;; ANSWER SECTION: 
.adcrescendo.com    185.81.4.99
;; Time: 572ms
572

 <-> xn----gtbdmohbpajtp0j4b.xn--p1ai <->
;; ->>HEADER<<-  status: NOERROR, id: 17
;; flags: aa 
;; ANSWER: 1

;; ANSWER SECTION: 
.xn----gtbdmohbpajtp0j4b.xn--p1ai    83.220.175.135
;; Time: 2319ms
2319

 <-> nzcermarking.org.nz <->
;; ->>HEADER<<-  status: NOERROR, id: 114
;; flags: aa 
;; ANSWER: 1

;; ANSWER SECTION: 
.nzcermarking.org.nz    54.206.96.195
;; Time: 465ms
465

 <-> dealmonster.co.uk <->
;; ->>HEADER<<-  status: NOERROR, id: 83
;; flags: aa 
;; ANSWER: 2

;; ANSWER SECTION: 
.dealmonster.co.uk    15.197.142.173
.dealmonster.co.uk    3.33.152.147
;; Time: 1121ms
1121

 <-> kleuterportaal.nl <->
;; ->>HEADER<<-  status: NOERROR, id: 243
;; flags: aa 
;; ANSWER: 1

;; ANSWER SECTION: 
.kleuterportaal.nl    5.79.78.230
;; Time: 422ms
422

 <-> streamslycs.com <->
;; ->>HEADER<<-  status: NOERROR, id: 120
;; flags: aa 
;; ANSWER: 1

;; ANSWER SECTION: 
.streamslycs.com    89.117.9.162
;; Time: 394ms
394

 <-> macaulifestyle.com <->
;; ->>HEADER<<-  status: NOERROR, id: 36
;; flags: aa 
;; ANSWER: 2

;; ANSWER SECTION: 
.macaulifestyle.com    104.21.49.234
.macaulifestyle.com    172.67.195.148
;; Time: 297ms
297

 <-> cruisesheet.com <->
;; ->>HEADER<<-  status: NOERROR, id: 174
;; flags: aa 
;; ANSWER: 2

;; ANSWER SECTION: 
.cruisesheet.com    104.21.59.179
.cruisesheet.com    172.67.182.8
;; Time: 296ms
296

 <-> mattcromwell.com <->
;; ->>HEADER<<-  status: NOERROR, id: 89
;; flags: aa 
;; ANSWER: 2

;; ANSWER SECTION: 
.mattcromwell.com    172.67.131.129
.mattcromwell.com    104.21.10.143
;; Time: 303ms
303

 <-> studiomoniker.com <->
;; ->>HEADER<<-  status: NOERROR, id: 208
;; flags: aa 
;; ANSWER: 1

;; ANSWER SECTION: 
.studiomoniker.com    207.154.206.182
;; Time: 456ms
456

 <-> appleismo.com <->
;; ->>HEADER<<-  status: NOERROR, id: 143
;; flags: aa 
;; ANSWER: 2

;; ANSWER SECTION: 
.appleismo.com    104.21.10.198
.appleismo.com    172.67.131.182
;; Time: 302ms
302

 <-> nordita.org <->
;; ->>HEADER<<-  status: NOERROR, id: 248
;; flags: aa 
;; ANSWER: 1

;; ANSWER SECTION: 
.nordita.org    130.237.93.38
;; Time: 1402ms
1402

<-> uskudarsanat.com <->
SERVER TIMEOUT

 <-> psbbmillenniumschool.org <->
;; ->>HEADER<<-  status: NOERROR, id: 174
;; flags: aa 
;; ANSWER: 1

;; ANSWER SECTION: 
.psbbmillenniumschool.org    182.76.248.45
;; Time: 1172ms
1172

 <-> eccemergency.com <->
;; ->>HEADER<<-  status: NOERROR, id: 109
;; flags: aa 
;; ANSWER: 1

;; ANSWER SECTION: 
.eccemergency.com    23.253.253.12
;; Time: 480ms
480

 <-> tecidos.com.pt <->
;; ->>HEADER<<-  status: NOERROR, id: 80
;; flags: aa 
;; ANSWER: 2

;; ANSWER SECTION: 
.tecidos.com.pt    75.2.71.2
.tecidos.com.pt    99.83.225.228
;; Time: 1012ms
1012

 <-> barellolens.com <->
;; ->>HEADER<<-  status: NOERROR, id: 134
;; flags: aa 
;; ANSWER: 1

;; ANSWER SECTION: 
.barellolens.com    192.124.249.6
;; Time: 504ms
504

 <-> icsoutsourcing.com <->
;; ->>HEADER<<-  status: NOERROR, id: 231
;; flags: aa 
;; ANSWER: 1

;; ANSWER SECTION: 
.icsoutsourcing.com    116.202.175.241
;; Time: 597ms
597

 <-> kruchten.com <->
;; ->>HEADER<<-  status: NOERROR, id: 137
;; flags: 
;; ANSWER: 0

;; ANSWER SECTION: 
;; Time: 1094ms
1094

 <-> simsiki.ru <->
;; ->>HEADER<<-  status: NOERROR, id: 180
;; flags: aa 
;; ANSWER: 1

;; ANSWER SECTION: 
.simsiki.ru    109.205.181.248
;; Time: 6647ms
6647

 <-> safari-lodge.fr <->
;; ->>HEADER<<-  status: NOERROR, id: 140
;; flags: aa 
;; ANSWER: 1

;; ANSWER SECTION: 
.safari-lodge.fr    35.214.222.151
;; Time: 1334ms
1334

 <-> foxdad.com <->
;; ->>HEADER<<-  status: NOERROR, id: 142
;; flags: aa 
;; ANSWER: 1

;; ANSWER SECTION: 
.foxdad.com    66.6.44.4
;; Time: 490ms
490

 <-> krups.com <->
;; ->>HEADER<<-  status: NOERROR, id: 18
;; flags: aa 
;; ANSWER: 2

;; ANSWER SECTION: 
.krups.com    46.137.38.62
.krups.com    54.220.225.147
;; Time: 286ms
286

 <-> idss.com <->
;; ->>HEADER<<-  status: NOERROR, id: 122
;; flags: aa 
;; ANSWER: 3

;; ANSWER SECTION: 
.idss.com    172.67.69.237
.idss.com    104.26.15.242
.idss.com    104.26.14.242
;; Time: 303ms
303

 <-> cuisine.in.ua <->
;; ->>HEADER<<-  status: NOERROR, id: 197
;; flags: aa 
;; ANSWER: 1

;; ANSWER SECTION: 
.cuisine.in.ua    185.68.16.29
;; Time: 1657ms
1657

 <-> cuatrogatos.org <->
;; ->>HEADER<<-  status: NOERROR, id: 82
;; flags: aa 
;; ANSWER: 1

;; ANSWER SECTION: 
.cuatrogatos.org    70.39.144.165
;; Time: 942ms
942

 <-> tali.de <->
;; ->>HEADER<<-  status: NOERROR, id: 4
;; flags: aa 
;; ANSWER: 1

;; ANSWER SECTION: 
.tali.de    78.46.7.75
;; Time: 761ms
761

 <-> webdelabelleza.com <->
;; ->>HEADER<<-  status: NOERROR, id: 90
;; flags: aa 
;; ANSWER: 1

;; ANSWER SECTION: 
.webdelabelleza.com    34.227.16.80
;; Time: 488ms
488

 <-> deloitteconference.com <->
;; ->>HEADER<<-  status: NOERROR, id: 153
;; flags: aa 
;; ANSWER: 1

;; ANSWER SECTION: 
.deloitteconference.com    206.155.98.157
;; Time: 931ms
931

 <-> captaingeorges.com <->
;; ->>HEADER<<-  status: NOERROR, id: 147
;; flags: aa 
;; ANSWER: 2

;; ANSWER SECTION: 
.captaingeorges.com    100.24.208.97
.captaingeorges.com    35.172.94.1
;; Time: 306ms
306

 <-> ohgratisporrfilm.com <->
;; ->>HEADER<<-  status: NOERROR, id: 10
;; flags: aa 
;; ANSWER: 1

;; ANSWER SECTION: 
.ohgratisporrfilm.com    46.229.173.215
;; Time: 1129ms
1129

 <-> tzsucai.com <->
;; ->>HEADER<<-  status: NOERROR, id: 25
;; flags: aa 
;; ANSWER: 1

;; ANSWER SECTION: 
.tzsucai.com    127.0.0.1
;; Time: 5636ms
5636

 <-> standon-calling.com <->
;; ->>HEADER<<-  status: NOERROR, id: 160
;; flags: aa 
;; ANSWER: 1

;; ANSWER SECTION: 
.standon-calling.com    217.160.0.91
;; Time: 480ms
480

 <-> webyeshiva.org <->
;; ->>HEADER<<-  status: NOERROR, id: 226
;; flags: aa 
;; ANSWER: 1

;; ANSWER SECTION: 
.webyeshiva.org    168.119.255.70
;; Time: 579ms
579

 <-> tk.ac.kr <->
;; ->>HEADER<<-  status: Error, id: 109
;; flags: aa 
;; ANSWER: 1

;; ANSWER SECTION: 
ac.kr......tk.ac.kr    210.106.88.2
;; Time: 5668ms
5668

 <-> hotbestporn.com <->
;; ->>HEADER<<-  status: NOERROR, id: 6
;; flags: aa 
;; ANSWER: 2

;; ANSWER SECTION: 
.hotbestporn.com    104.21.235.24
.hotbestporn.com    104.21.235.23
;; Time: 301ms
301

 <-> pro12rugby.com <->
;; ->>HEADER<<-  status: NOERROR, id: 99
;; flags: aa 
;; ANSWER: 2

;; ANSWER SECTION: 
.pro12rugby.com    69.16.175.42
.pro12rugby.com    69.16.175.10
;; Time: 869ms
869

 <-> viralviralvideos.de <->
;; ->>HEADER<<-  status: NOERROR, id: 193
;; flags: aa 
;; ANSWER: 1

;; ANSWER SECTION: 
.viralviralvideos.de    89.238.66.28
;; Time: 1344ms
1344

 <-> picalica.net <->
;; ->>HEADER<<-  status: NOERROR, id: 138
;; flags: tc 
;; ANSWER: 0

;; ANSWER SECTION: 
;; Time: 1889ms
1889

 <-> onemorecoming.com <->
;; ->>HEADER<<-  status: NOERROR, id: 248
;; flags: aa 
;; ANSWER: 1

;; ANSWER SECTION: 
.onemorecoming.com    133.18.79.91
;; Time: 823ms
823

 <-> pornos.com <->
;; ->>HEADER<<-  status: NOERROR, id: 181
;; flags: aa 
;; ANSWER: 1

;; ANSWER SECTION: 
.pornos.com    141.0.173.168
;; Time: 597ms
597

 <-> nickheaven.weebly.com <->
;; ->>HEADER<<-  status: NOERROR, id: 32
;; flags: aa 
;; ANSWER: 3

;; ANSWER SECTION: 
.nickheaven.weebly.com    pages-wildcardweebly.com.
.pages-wildcard.weebly.com    199.34.228.54
.pages-wildcard.weebly.com    199.34.228.53
;; Time: 442ms
442

 <-> blogram.jp <->
;; ->>HEADER<<-  status: NOERROR, id: 78
;; flags: aa 
;; ANSWER: 1

;; ANSWER SECTION: 
.blogram.jp    176.31.78.208
;; Time: 794ms
794

 <-> eichsfeld-gymnasium.de <->
;; ->>HEADER<<-  status: NOERROR, id: 86
;; flags: aa 
;; ANSWER: 1

;; ANSWER SECTION: 
.eichsfeld-gymnasium.de    109.235.42.140
;; Time: 771ms
771

 <-> wildeastfootball.net <->
;; ->>HEADER<<-  status: NOERROR, id: 230
;; flags: aa 
;; ANSWER: 2

;; ANSWER SECTION: 
.wildeastfootball.net    172.67.186.16
.wildeastfootball.net    104.21.92.38
;; Time: 586ms
586

 <-> orville.com <->
;; ->>HEADER<<-  status: NOERROR, id: 34
;; flags: aa 
;; ANSWER: 2

;; ANSWER SECTION: 
.orville.com    104.18.24.166
.orville.com    104.18.25.166
;; Time: 502ms
502

 <-> malignani.ud.it <->
;; ->>HEADER<<-  status: NOERROR, id: 249
;; flags: aa 
;; ANSWER: 1

;; ANSWER SECTION: 
.malignani.ud.it    138.41.3.11
;; Time: 629ms
629

 <-> mp2energy.com <->
;; ->>HEADER<<-  status: NOERROR, id: 129
;; flags: aa 
;; ANSWER: 1

;; ANSWER SECTION: 
.mp2energy.com    75.2.76.58
;; Time: 495ms
495

 <-> fazergroup.com <->
;; ->>HEADER<<-  status: NOERROR, id: 75
;; flags: aa 
;; ANSWER: 1

;; ANSWER SECTION: 
.fazergroup.com    185.196.4.25
;; Time: 302ms
302

 <-> egapark-erfurt.de <->
;; ->>HEADER<<-  status: NOERROR, id: 104
;; flags: aa 
;; ANSWER: 1

;; ANSWER SECTION: 
.egapark-erfurt.de    185.115.236.75
;; Time: 1567ms
1567

 <-> zdatainc.com <->
;; ->>HEADER<<-  status: NOERROR, id: 79
;; flags: aa 
;; ANSWER: 2

;; ANSWER SECTION: 
.zdatainc.com    172.67.212.100
.zdatainc.com    104.21.61.174
;; Time: 296ms
296

 <-> mygareclub.com <->
;; ->>HEADER<<-  status: NOERROR, id: 163
;; flags: aa 
;; ANSWER: 1

;; ANSWER SECTION: 
.mygareclub.com    115.166.150.49
;; Time: 1012ms
1012

 <-> blakeshelton.com <->
;; ->>HEADER<<-  status: NOERROR, id: 157
;; flags: aa 
;; ANSWER: 2

;; ANSWER SECTION: 
.blakeshelton.com    34.213.106.51
.blakeshelton.com    54.68.182.72
;; Time: 902ms
902

 <-> psgstream.net <->
;; ->>HEADER<<-  status: NOERROR, id: 157
;; flags: aa 
;; ANSWER: 2

;; ANSWER SECTION: 
.psgstream.net    104.21.67.74
.psgstream.net    172.67.217.132
;; Time: 578ms
578

 <-> india-ifs.com <->
;; ->>HEADER<<-  status: NOERROR, id: 154
;; flags: aa 
;; ANSWER: 1

;; ANSWER SECTION: 
.india-ifs.com    78.47.166.57
;; Time: 1348ms
1348

 <-> souznik-airsoft.ru <->
;; ->>HEADER<<-  status: NOERROR, id: 86
;; flags: aa 
;; ANSWER: 2

;; ANSWER SECTION: 
.souznik-airsoft.ru    172.67.136.130
.souznik-airsoft.ru    104.21.26.145
;; Time: 767ms
767

 <-> euromillions.online <->
;; ->>HEADER<<-  status: NOERROR, id: 131
;; flags: aa 
;; ANSWER: 2

;; ANSWER SECTION: 
.euromillions.online    104.18.130.5
.euromillions.online    104.17.113.54
;; Time: 486ms
486

 <-> 12streetgym.com <->
;; ->>HEADER<<-  status: NOERROR, id: 20
;; flags: aa 
;; ANSWER: 1

;; ANSWER SECTION: 
.12streetgym.com    143.95.76.249
;; Time: 464ms
464

 <-> myairbags.com <->
;; ->>HEADER<<-  status: NOERROR, id: 26
;; flags: aa 
;; ANSWER: 3

;; ANSWER SECTION: 
.myairbags.com    172.67.73.129
.myairbags.com    104.26.8.132
.myairbags.com    104.26.9.132
;; Time: 310ms
310

 <-> riomarrecife.com.br <->
;; ->>HEADER<<-  status: NOERROR, id: 229
;; flags: aa 
;; ANSWER: 4

;; ANSWER SECTION: 
.riomarrecife.com.br    18.67.111.73
.riomarrecife.com.br    18.67.111.62
.riomarrecife.com.br    18.67.111.111
.riomarrecife.com.br    18.67.111.93
;; Time: 978ms
978

 <-> modeli3d.ru <->
;; ->>HEADER<<-  status: NOERROR, id: 168
;; flags: aa 
;; ANSWER: 1

;; ANSWER SECTION: 
.modeli3d.ru    87.249.43.162
;; Time: 5803ms
5803

 <-> finfloor.com <->
;; ->>HEADER<<-  status: NOERROR, id: 92
;; flags: aa 
;; ANSWER: 1

;; ANSWER SECTION: 
.finfloor.com    34.117.8.153
;; Time: 968ms
968

 <-> sibelco.sharepoint.com <->
;; ->>HEADER<<-  status: NOERROR, id: 76
;; flags: aa 
;; ANSWER: 1

;; ANSWER SECTION: 
.sibelco.sharepoint.com    3744-ipv4v6e.clump.dprodmgd104.aa-rtsharepoint.com.
;; Time: 697ms
697

 <-> sharkfin.ru <->
;; ->>HEADER<<-  status: NOERROR, id: 245
;; flags: aa 
;; ANSWER: 1

;; ANSWER SECTION: 
.sharkfin.ru    178.208.83.36
;; Time: 1581ms
1581

 <-> back-panel.jp <->
;; ->>HEADER<<-  status: NOERROR, id: 177
;; flags: aa 
;; ANSWER: 1

;; ANSWER SECTION: 
.back-panel.jp    202.172.28.35
;; Time: 791ms
791

 <-> incubator24.ru <->
;; ->>HEADER<<-  status: NOERROR, id: 191
;; flags: aa 
;; ANSWER: 1

;; ANSWER SECTION: 
.incubator24.ru    45.130.41.29
;; Time: 1433ms
1433

 <-> alta-frequenza.corsica <->
;; ->>HEADER<<-  status: NOERROR, id: 174
;; flags: aa 
;; ANSWER: 1

;; ANSWER SECTION: 
.alta-frequenza.corsica    217.70.184.38
;; Time: 1002ms
1002

 <-> mymusicradio.co.uk <->
;; ->>HEADER<<-  status: NOERROR, id: 175
;; flags: aa 
;; ANSWER: 1

;; ANSWER SECTION: 
.mymusicradio.co.uk    199.59.243.224
;; Time: 739ms
739

 <-> hannover24.ru <->
;; ->>HEADER<<-  status: NOERROR, id: 99
;; flags: aa 
 <-> bookkeepingchef.com <->
;; ->>HEADER<<-  status: NOERROR, id: 152
;; flags: aa 
;; ANSWER: 1

;; ANSWER SECTION: 

;; ANSWER: 1

;; ANSWER SECTION: 
.bookkeepingchef.com    162.241.226.76
;; Time: 386ms
386
.hannover24.ru    85.214.24.212
;; Time: 1198ms
1198

 <-> childrensministryleader.com <->
;; ->>HEADER<<-  status: NOERROR, id: 119
;; flags: aa 
;; ANSWER: 1

;; ANSWER SECTION: 
.childrensministryleader.com    35.208.103.74
;; Time: 715ms
715

 <-> appsformarketers.com <->
;; ->>HEADER<<-  status: NOERROR, id: 36
;; flags: aa 
;; ANSWER: 1

;; ANSWER SECTION: 
.appsformarketers.com    69.16.194.52
;; Time: 513ms
513

 <-> fekraneh.ir <->
;; ->>HEADER<<-  status: Error, id: 247
;; flags: aa 
;; ANSWER: 1

;; ANSWER SECTION: 
.fekraneh.ir    134.255.200.194
;; Time: 1596ms
1596

 <-> urlof.site <->
;; ->>HEADER<<-  status: NOERROR, id: 138
;; flags: aa 
;; ANSWER: 1

;; ANSWER SECTION: 
.urlof.site    23.82.12.35
;; Time: 919ms
919

 <-> bitsum.biz <->
;; ->>HEADER<<-  status: NOERROR, id: 201
;; flags: aa 
;; ANSWER: 1

;; ANSWER SECTION: 
.bitsum.biz    199.59.243.224
;; Time: 853ms
853

 <-> encoded.io <->
;; ->>HEADER<<-  status: NOERROR, id: 77
;; flags: aa 
;; ANSWER: 2

;; ANSWER SECTION: 
.encoded.io    172.67.192.3
.encoded.io    104.21.20.86
;; Time: 656ms
656

 <-> e-tributs.cat <->
;; ->>HEADER<<-  status: NOERROR, id: 95
;; flags: aa 
;; ANSWER: 1

;; ANSWER SECTION: 
.e-tributs.cat    83.247.151.136
;; Time: 535ms
535

 <-> askbcb.tumblr.com <->
;; ->>HEADER<<-  status: NOERROR, id: 128
;; flags: aa 
;; ANSWER: 2

;; ANSWER SECTION: 
.askbcb.tumblr.com    74.114.154.22
.askbcb.tumblr.com    74.114.154.18
;; Time: 289ms
289

 <-> agrolib.ru <->
;; ->>HEADER<<-  status: NOERROR, id: 90
;; flags: aa 
;; ANSWER: 1

;; ANSWER SECTION: 
.agrolib.ru    31.177.79.76
;; Time: 790ms
790

 <-> jobformodel.com <->
;; ->>HEADER<<-  status: NOERROR, id: 195
;; flags: aa 
;; ANSWER: 2

;; ANSWER SECTION: 
.jobformodel.com    172.67.157.111
.jobformodel.com    104.21.74.109
;; Time: 295ms
295

 <-> vdmt.com.ua <->
;; ->>HEADER<<-  status: NOERROR, id: 232
;; flags: aa 
;; ANSWER: 2

;; ANSWER SECTION: 
.vdmt.com.ua    172.67.152.197
.vdmt.com.ua    104.21.65.236
;; Time: 959ms
959

 <-> eedirectory.com <->
;; ->>HEADER<<-  status: NOERROR, id: 187
;; flags: aa 
;; ANSWER: 1

;; ANSWER SECTION: 
.eedirectory.com    192.185.85.43
;; Time: 504ms
504

 <-> plus-skateboards.com <->
;; ->>HEADER<<-  status: NOERROR, id: 250
;; flags: aa 
;; ANSWER: 1

;; ANSWER SECTION: 
.plus-skateboards.com    217.160.0.213
;; Time: 481ms
481

 <-> vwstockholm.se <->
;; ->>HEADER<<-  status: NOERROR, id: 23
;; flags: aa 
;; ANSWER: 1

;; ANSWER SECTION: 
.vwstockholm.se    13.48.210.162
;; Time: 765ms
765

 <-> bishopwatterson.com <->
;; ->>HEADER<<-  status: NOERROR, id: 159
;; flags: aa 
;; ANSWER: 1

;; ANSWER SECTION: 
.bishopwatterson.com    151.101.194.159
;; Time: 505ms
505

 <-> region-vysocina.cz <->
;; ->>HEADER<<-  status: NOERROR, id: 188
;; flags: aa 
;; ANSWER: 1

;; ANSWER SECTION: 
.region-vysocina.cz    195.93.216.56
;; Time: 759ms
759

 <-> venditacasette.com <->
;; ->>HEADER<<-  status: NOERROR, id: 176
;; flags: aa 
;; ANSWER: 1

;; ANSWER SECTION: 
.venditacasette.com    212.237.9.172
;; Time: 1246ms
1246

 <-> tns.world <->
;; ->>HEADER<<-  status: NOERROR, id: 65
;; flags: aa 
;; ANSWER: 1

;; ANSWER SECTION: 
.tns.world    65.21.204.51
;; Time: 1220ms
1220

 <-> sharing.org <->
;; ->>HEADER<<-  status: NOERROR, id: 26
;; flags: aa 
;; ANSWER: 1

;; ANSWER SECTION: 
.sharing.org    35.214.97.130
;; Time: 880ms
880

 <-> elfon.com.pl <->
;; ->>HEADER<<-  status: NOERROR, id: 219
;; flags: aa 
;; ANSWER: 1

;; ANSWER SECTION: 
.elfon.com.pl    94.152.49.148
;; Time: 1319ms
1319

 <-> overdrive.io <->
;; ->>HEADER<<-  status: NOERROR, id: 236
;; flags: aa 
;; ANSWER: 1

;; ANSWER SECTION: 
.overdrive.io    35.186.180.253
;; Time: 941ms
941

 <-> tranhtheuchuthap.vn <->
;; ->>HEADER<<-  status: NOERROR, id: 138
;; flags: aa 
;; ANSWER: 1

;; ANSWER SECTION: 
.tranhtheuchuthap.vn    202.92.4.5
;; Time: 608ms
608

 <-> diep.ie <->
;; ->>HEADER<<-  status: NOERROR, id: 122
;; flags: aa 
;; ANSWER: 1

;; ANSWER SECTION: 
.diep.ie    174.129.25.170
;; Time: 1206ms
1206

 <-> marquesdezas.blogspot.com.es <->
;; ->>HEADER<<-  status: NOERROR, id: 21
;; flags: aa 
;; ANSWER: 2

;; ANSWER SECTION: 
.marquesdezas.blogspot.com.es    blogspot.l.googleusercontent.com.
.blogspot.l.googleusercontent.com    142.250.66.193
;; Time: 613ms
613

 <-> accurate.id <->
;; ->>HEADER<<-  status: NOERROR, id: 90
;; flags: aa 
;; ANSWER: 1

;; ANSWER SECTION: 
.accurate.id    185.214.125.81
;; Time: 5849ms
5849

 <-> krishna.zp.ua <->
;; ->>HEADER<<-  status: NOERROR, id: 146
;; flags: aa 
;; ANSWER: 1

;; ANSWER SECTION: 
.krishna.zp.ua    45.83.192.98
;; Time: 1513ms
1513

 <-> charme-beauty.ru <->
;; ->>HEADER<<-  status: NOERROR, id: 174
;; flags: aa 
;; ANSWER: 1

;; ANSWER SECTION: 
.charme-beauty.ru    185.32.57.15
;; Time: 778ms
778

 <-> jinolog.com <->
;; ->>HEADER<<-  status: NOERROR, id: 241
;; flags: aa 
;; ANSWER: 1

;; ANSWER SECTION: 
.jinolog.com    103.224.212.219
;; Time: 467ms
467

 <-> next.cz <->
;; ->>HEADER<<-  status: NOERROR, id: 117
;; flags: aa 
;; ANSWER: 1

;; ANSWER SECTION: 
.next.cz    89.221.216.136
;; Time: 763ms
763

 <-> shine.city <->
;; ->>HEADER<<-  status: NOERROR, id: 8
;; flags: aa 
;; ANSWER: 12

;; ANSWER SECTION: 
.shine.city    45.79.19.196
.shine.city    72.14.185.43
.shine.city    45.33.30.197
.shine.city    72.14.178.174
.shine.city    45.33.18.44
.shine.city    198.58.118.167
.shine.city    45.33.23.183
.shine.city    45.56.79.23
.shine.city    173.255.194.134
.shine.city    45.33.20.235
.shine.city    96.126.123.244
.shine.city    45.33.2.79
;; Time: 859ms
859

 <-> os-helper.ru <->
;; ->>HEADER<<-  status: NOERROR, id: 84
;; flags: aa 
;; ANSWER: 1

;; ANSWER SECTION: 
.os-helper.ru    92.53.106.182
;; Time: 5792ms
5792

 <-> comarch-cloud.pl <->
;; ->>HEADER<<-  status: NOERROR, id: 244
;; flags: aa 
;; ANSWER: 1

;; ANSWER SECTION: 
.comarch-cloud.pl    195.69.209.118
;; Time: 740ms
740

 <-> alexandani.jp <->
;; ->>HEADER<<-  status: NOERROR, id: 10
;; flags: aa 
;; ANSWER: 3

;; ANSWER SECTION: 
.alexandani.jp    3.134.226.50
.alexandani.jp    18.221.176.27
.alexandani.jp    18.191.111.228
;; Time: 1071ms
1071

 <-> cash-for-your-home.org <->
;; ->>HEADER<<-  status: NOERROR, id: 132
;; flags: aa 
;; ANSWER: 2

;; ANSWER SECTION: 
.cash-for-your-home.org    54.226.171.41
.cash-for-your-home.org    54.164.57.105
;; Time: 457ms
457

 <-> yonderauto.com <->
;; ->>HEADER<<-  status: NOERROR, id: 43
;; flags: aa 
;; ANSWER: 1

;; ANSWER SECTION: 
.yonderauto.com    94.23.83.24
;; Time: 1159ms
1159

 <-> ultrafractal.com <->
;; ->>HEADER<<-  status: NOERROR, id: 169
;; flags: aa 
;; ANSWER: 1

;; ANSWER SECTION: 
.ultrafractal.com    145.131.41.57
;; Time: 616ms
616

 <-> elsaposabio.com <->
;; ->>HEADER<<-  status: NOERROR, id: 136
;; flags: aa 
;; ANSWER: 1

;; ANSWER SECTION: 
.elsaposabio.com    185.129.248.127
;; Time: 590ms
590

 <-> ozelguvenliksinavi.com <->
;; ->>HEADER<<-  status: NOERROR, id: 200
;; flags: aa 
;; ANSWER: 1

;; ANSWER SECTION: 
.ozelguvenliksinavi.com    www.ozelguvenliksinavi.com.
;; Time: 885ms
885

 <-> abbymodels.com <->
;; ->>HEADER<<-  status: NOERROR, id: 234
;; flags: aa 
;; ANSWER: 9

;; ANSWER SECTION: 
.abbymodels.com    168.119.245.137
.abbymodels.com    159.69.42.212
.abbymodels.com    23.88.53.29
.abbymodels.com    195.201.124.255
.abbymodels.com    65.21.240.245
.abbymodels.com    162.55.172.212
.abbymodels.com    159.69.83.207
.abbymodels.com    95.216.161.60
.abbymodels.com    159.69.186.9
;; Time: 592ms
592

 <-> seo-zona.ru <->
;; ->>HEADER<<-  status: NOERROR, id: 64
;; flags: aa 
;; ANSWER: 2

;; ANSWER SECTION: 
.seo-zona.ru    104.21.89.203
.seo-zona.ru    172.67.164.224
;; Time: 774ms
774

 <-> teaplus.com.tw <->
;; ->>HEADER<<-  status: NOERROR, id: 60
;; flags: aa 
;; ANSWER: 1

;; ANSWER SECTION: 
.teaplus.com.tw    104.155.205.240
;; Time: 1142ms
1142

 <-> piqza.de <->
;; ->>HEADER<<-  status: NOERROR, id: 216
;; flags: aa 
;; ANSWER: 2

;; ANSWER SECTION: 
.piqza.de    95.128.200.226
.piqza.de    95.128.200.227
;; Time: 1529ms
1529

<-> massmedia.blog.ir <->
SERVER TIMEOUT
